# callgrind format
version: 1
creator: callgrind-3.15.0
pid: 42384
cmd:  ./sat -N CNF-files/queens-15.cnf
part: 1


desc: I1 cache: 
desc: D1 cache: 
desc: LL cache: 

desc: Timerange: Basic block 0 - 1517821987
desc: Trigger: Program termination

positions: line
events: Ir
summary: 14223349463


ob=(5) /home/kevin/DATA/Univ/semestre5/info501/TP2-Kevin-Traini/sat
fl=(110) ???
fn=(644) 0x0000000000001400
0 9
cob=(2) ???
cfi=(18) ???
cfn=(650) 0x00000000001091c0
calls=1 0 
0 77
0 1
cfn=(662) 0x0000000000001390
calls=1 0 
0 5
0 3

fn=(464) parse_formula
0 25
cob=(2)
cfi=(18)
cfn=(466) 0x00000000001092d0
calls=1 0 
0 184
0 6
cob=(2)
cfi=(18)
cfn=(466)
calls=1 0 
0 184
0 6
cob=(2)
cfi=(18)
cfn=(466)
calls=1 0 
0 184
0 16355
cob=(2)
cfi=(18)
cfn=(510) 0x0000000000109220
calls=5437 0 
0 98114
0 97866
cfn=(512) trim_blanks
calls=5437 0 
0 103303
0 23556
cfn=(514) parse_name_from_comment
calls=226 0 
0 140395
0 1489
cob=(2)
cfi=(18)
cfn=(526) 0x00000000001092f0
calls=8 0 
0 2869
0 2734
cob=(2)
cfi=(18)
cfn=(526)
calls=8 0 
0 1597
0 3038
cob=(2)
cfi=(18)
cfn=(526)
calls=217 0 
0 47306
0 2700
cob=(2)
cfi=(18)
cfn=(522) 0x0000000000109200
calls=225 0 
0 11475
0 58547
cob=(2)
cfi=(18)
cfn=(526)
calls=13 0 
0 33305
0 83373
cob=(2)
cfi=(18)
cfn=(516) 0x00000000001092c0
calls=5210 0 
0 751185
0 64860
cob=(2)
cfi=(18)
cfn=(516)
calls=10810 0 
0 1427583
0 182262
cob=(2)
cfi=(18)
cfn=(526)
calls=14 0 
0 45379
0 184243
cob=(2)
cfi=(18)
cfn=(468) 0x0000000000109290
calls=1 0 
0 187
0 32622
cob=(2)
cfi=(18)
cfn=(468)
calls=5437 0 
0 978959
0 10883
cob=(2)
cfi=(18)
cfn=(526)
calls=1 0 
0 397
0 9
cob=(2)
cfi=(18)
cfn=(526)
calls=1 0 
0 267
0 252
cob=(2)
cfi=(18)
cfn=(542) 0x00000000001091d0
calls=30 0 
0 360
0 131
cob=(2)
cfi=(18)
cfn=(526)
calls=1 0 
0 197
0 3
cob=(2)
cfi=(18)
cfn=(466)
calls=1 0 
0 44
0 31

fn=(570) free_watchlist
0 10

fn=(374) main
0 52
cob=(2)
cfi=(18)
cfn=(376) 0x0000000000109240
calls=2 0 
0 748
0 21
cob=(2)
cfi=(18)
cfn=(394) 0x0000000000109300
calls=1 0 
0 75283
0 6
cfn=(464)
calls=1 0 
0 4408465
0 14
cfn=(546) LOG
calls=1 0 
0 273
0 4
cfn=(560) new_sol
calls=1 0 
0 5440
0 15
cfn=(562) solve_naive
calls=1 0 
0 14217874831
0 5
cfn=(570)
calls=1 0 
0 10
0 3
cfn=(572) free_activelist
calls=1 0 
0 10
0 8
cfn=(574) result
calls=1 0 
0 838244
0 5

fn=(560)
0 7
cob=(2)
cfi=(18)
cfn=(466)
calls=1 0 
0 44
0 6
cob=(2)
cfi=(18)
cfn=(466)
calls=1 0 
0 418
0 9
cob=(2)
cfi=(18)
cfn=(466)
calls=1 0 
0 203
0 4753

fn=(566) is_non_false
0 12957715557
cfn=(546)
calls=28343 0 
0 7737639
0 1105769
cfn=(546)
calls=45815 0 
0 12507495
0 1678992
cfn=(546)
calls=53998 0 
0 14741454
0 100800
cfn=(546)
calls=20160 0 
0 5503680
0 1212540
cfn=(546)
calls=28343 0 
0 7737639
0 1057392460

fn=(572)
0 10

fn=(600) print_final_solution
0 9188
cob=(2)
cfi=(18)
cfn=(602) 0x0000000000109250
calls=210 0 
0 172048
0 60
cob=(2)
cfi=(18)
cfn=(602)
calls=15 0 
0 11672
0 1131
cob=(2)
cfi=(18)
cfn=(620) 0x00000000001091e0
calls=1 0 
0 220
0 3

fn=(628) is_solution
0 615126

fn=(632) free_sol
0 11
cob=(2)
cfi=(18)
cfn=(542)
calls=1 0 
0 84
0 4
cob=(2)
cfi=(18)
cfn=(542)
calls=1 0 
0 84
0 3
cob=(2)
cfi=(18)
cfn=(542)
calls=1 0 
0 84
0 3

fn=(356) __libc_csu_init
0 15
cob=(2)
cfi=(18)
cfn=(358) 0x0000000000109000
calls=1 0 
0 7
0 8
cfn=(362) 0x0000000000001440
calls=1 0 
0 12
0 11

fn=(562)
0 283513
cfn=(564) check_sol
calls=56701 0 
0 119015399
0 680412
cfn=(546)
calls=56701 0 
0 15479373
0 3203449
cfn=(566)
calls=56701 0 
0 14067434025
0 368579
cfn=(568) backtrack_naive
calls=28343 0 
0 2906729
0 198401
cfn=(546)
calls=28343 0 
0 7737639
0 567026
cfn=(546)
calls=1 0 
0 273
0 13

fn=(564)
0 119015399

fn=(514)
0 2712
cfn=(512)
calls=226 0 
0 22310
0 19048
cfn=(512)
calls=226 0 
0 7910
0 31287
cob=(2)
cfi=(18)
cfn=(516)
calls=225 0 
0 31923
0 1800
cfn=(512)
calls=225 0 
0 7875
0 3150
cob=(2)
cfi=(18)
cfn=(522)
calls=225 0 
0 9900
0 2480

fn=(630) free_formula
0 11
cob=(2)
cfi=(18)
cfn=(542)
calls=1 0 
0 324
0 4
cob=(2)
cfi=(18)
cfn=(542)
calls=1 0 
0 284
0 2036
cob=(2)
cfi=(18)
cfn=(542)
calls=226 0 
0 23270
0 1138
cob=(2)
cfi=(18)
cfn=(542)
calls=1 0 
0 130
0 3
cob=(2)
cfi=(18)
cfn=(542)
calls=1 0 
0 104
0 3

fn=(346) _start
0 12
cob=(3) /lib/x86_64-linux-gnu/libc-2.31.so
cfi=(111) /build/glibc-ZN95T4/glibc-2.31/csu/../csu/libc-start.c
cfn=(348) (below main)
calls=1 137 
0 14223205034

fn=(362)
0 12

fn=(574)
0 15
cob=(2)
cfi=(18)
cfn=(576) 0x0000000000109210
calls=1 0 
0 1176
0 7
cfn=(600)
calls=1 0 
0 194322
0 6
cfn=(628)
calls=1 0 
0 615126
0 5
cfn=(630)
calls=1 0 
0 27307
0 3
cfn=(632)
calls=1 0 
0 273
0 4

fn=(662)
0 5

fn=(512)
0 141398

fn=(546)
0 4448985
cob=(2)
cfi=(18)
cfn=(548) 0x00000000001092e0
calls=261705 0 
0 64641135
0 785115

ob=(4) /usr/lib/x86_64-linux-gnu/valgrind/vgpreload_core-amd64-linux.so
fl=(102) ???
fn=(680) 0x0000000000001070
0 5

fn=(670) 0x00000000000010e0
0 3

ob=(5)
fl=(110)
fn=(546)
0 1570230

fn=(568)
0 1099077

ob=(4)
fl=(102)
fn=(670)
0 6
cob=(2)
cfi=(18)
cfn=(676) 0x0000000004831040
calls=1 0 
0 77
0 1
cfn=(680)
calls=1 0 
0 5
0 3

fn=(318) 0x0000000000001120
0 12

ob=(5)
fl=(110)
fn=(568)
0 1807652

ob=(1) /lib/x86_64-linux-gnu/ld-2.31.so
fl=(49) /build/glibc-ZN95T4/glibc-2.31/io/../sysdeps/unix/sysv/linux/wordsize-64/xstat.c
fn=(158) _xstat
33 32
+1 16
+1 32
+4 1
-4 28

fl=(12) /build/glibc-ZN95T4/glibc-2.31/elf/../sysdeps/x86/cpu-features.c
fn=(24) get_common_indices.constprop.0
71 2
+4 4
+3 3
+4 2
-4 1
+4 1
-4 1
+3 1
+1 1
+1 4
+1 4
+1 3
+1 2
+7 2
+1 3
+6 1
-6 4
+6 1
+1 7
+7 3
+4 2
+2 4
225 2
+4 3
+1 2
+3 1
-1 1
+4 1
+2 1
-2 1
+5 2
+50 3
118 2
+3 4
+3 2
+8 1
-5 3
+8 2
+2 2
+2 3
+4 2
+4 2
+7 3

fl=(6) /build/glibc-ZN95T4/glibc-2.31/elf/dl-lookup.c
fn=(10) _dl_setup_hash
961 4
+3 12
+2 4
+2 8
+2 4
-1 4
+3 12
+1 4
+4 4
-3 4
+7 4
-7 4
+3 4
-1 4
+3 4
+2 4
-7 4
+7 4
+5 4

fn=(206) _dl_lookup_symbol_x
841 1200
582 120
841 480
582 360
-1 240
+2 120
-1 120
+1 360
-1 360
+1 1413
-1 1413
+1 4239
-1 4359
847 120
-4 120
+1 120
+7 120
-8 120
+1 120
+7 338
+3 600
+6 240
-7 720
+7 60
+1 1560
cfn=(208) do_lookup_x
calls=120 368 
* 40072
* 470
+5 240
+24 880
+40 440
+14 330
+3 440
+5 110
+2 1080
-86 60
+17 10
+1 20
+59 2

fn=(210) check_match
75 1456
+3 224
+13 440
-13 440
+13 220
+3 420
cfi=(22) /build/glibc-ZN95T4/glibc-2.31/string/../sysdeps/x86_64/strcmp.S
cfn=(58) strcmp
calls=50 +17 
* 2278
* 100
+4 110
+1 220
+2 218
+19 218
+1 872
+39 110
+7 660
-18 2
+2 2
+1 1
-1 2
+1 3
-1 2
+16 12
-45 327
cfi=(22)
cfn=(58)
calls=109 -11 
* 2725
* 218
-44 8
+82 4

fn=(208)
368 960
+1 120
-1 720
+48 120
+35 360
-65 120
-11 120
+41 120
-30 240
+65 240
-51 1095
+4 365
+4 365
-3 365
+3 730
+1 1095
+3 365
+1 730
+7 730
-3 730
-2 365
+5 1095
+3 2555
571 777
379 738
+3 738
+4 762
+4 730
+4 730
+88 220
fi=(60) /build/glibc-ZN95T4/glibc-2.31/elf/../sysdeps/generic/ldsodefs.h
126 330
fe=(6)
533 220
+3 820
+16 550
+2 220
427 339
-1 226
+2 226
+2 113
+6 339
-6 113
+6 1017
+7 348
-10 1130
+3 112
-1 224
+1 224
-1 112
+2 224
-1 1344
cfn=(210)
calls=112 75 
* 11292
+4 340
574 10
+1 960
-35 45
-66 6
325 18
-31 770

fl=(14) /build/glibc-ZN95T4/glibc-2.31/string/../sysdeps/x86_64/multiarch/../strlen.S
fn=(30) strlen
41 13
+38 13
+1 13
+1 13
+1 13
+1 13
+1 13
+1 13
+2 13
+2 13
+31 13
+1 13
+1 13
+1 13
+1 13
+1 7
+2 7
+4 6
+1 6
+1 6
+1 6
+1 6
+1 6
+1 6
+1 6
+1 6
+1 6
+1 6
+1 6
+5 42
+74 3
+1 3
+1 3
+1 3
+1 3
+1 3
+1 3
+1 3
+16 3
+2 3
+1 42
+2 3
+1 3
+1 3
+2 3

fl=(15) /build/glibc-ZN95T4/glibc-2.31/elf/../misc/sbrk.c
fn=(32) sbrk
32 5
+8 6
+4 2
+16 5

fl=(31) /build/glibc-ZN95T4/glibc-2.31/string/../sysdeps/x86_64/multiarch/../strchr.S
fn=(88) index
23 6
+1 6
+1 6
+1 6
+1 6
+1 6
+1 6
+1 6
+1 6
+1 6
+1 6
+1 6
+1 6
+1 6
+1 6
+1 6
+1 6
+1 6
+1 4
+4 4
+1 4
+1 4
+1 4
+2 4
+4 2
+1 2
+1 2
+1 2
+1 2
+1 2
+1 2
+1 2
+1 2
+1 2
+1 2
+1 2
+1 2
+1 2
+1 2
+1 2
+1 2
+1 2
+1 2
+1 2
+1 2
+1 2
+1 2
+1 4
+5 1
+1 1
+3 1
+1 1
+1 1
+1 1
+1 1
+1 1
+1 1
+1 1
+1 1
+1 1
+1 1
+1 1
+1 1
+1 1
+1 1
+1 1
+1 1
+1 1
+2 1
+1 1
+2 1
+1 1
+1 1
+1 1
+1 1
+1 1
+1 1
+1 1
+2 1
+1 1
+1 1
+1 1
+1 1
+1 1
+1 1
+1 1
+1 1
+1 1
+3 1
+4 1
+1 1
+1 1
+1 1
+2 1
-9 1
+4 1
+1 1
+1 1
+1 1
+2 1

fl=(40) /build/glibc-ZN95T4/glibc-2.31/io/../sysdeps/unix/sysv/linux/read_nocancel.c
fn=(126) __read_nocancel
25 2
+1 8
+1 2

fl=(48) /build/glibc-ZN95T4/glibc-2.31/elf/dl-deps.c
fn=(152) openaux
61 6
+7 2
-4 4
+1 2
-1 16
cfi=(27) /build/glibc-ZN95T4/glibc-2.31/elf/dl-load.c
cfn=(118) _dl_map_object
calls=2 1927 
* 6182
* 2
+5 4

fn=(148) _dl_map_object_deps
159 2
+1 3
-1 2
+1 1
-1 1
+1 1
-1 5
+1 3
-1 1
+1 1
-1 1
+1 7
-15 1
+15 2
-8 1
-6 1
-1 1
+15 1
-16 1
+8 3
-6 1
+6 1
+24 3
-28 3
-2 1
+31 1
-33 2
+2 5
-1 4
+7 4
+24 7
+4 1
fi=(55) /build/glibc-ZN95T4/glibc-2.31/elf/../include/scratch_buffer.h
77 3
fe=(48)
198 1
fi=(55)
78 1
fe=(48)
200 2
+87 1
-89 1
+4 1
+7 1
+4 4
-4 3
+4 12
+11 12
-18 2
+18 4
433 12
+2 2
+3 2
-3 4
+3 4
cob=(2)
cfi=(18)
cfn=(44) 0x00000000040010a0
calls=2 0 
* 54
* 2
+1 4
+6 2
+1 10
cfi=(20) /build/glibc-ZN95T4/glibc-2.31/string/../sysdeps/x86_64/multiarch/memmove-vec-unaligned-erms.S
cfn=(48) memcpy
calls=2 127 
* 22
+1 10
cfi=(20)
cfn=(48)
calls=2 127 
* 22
+4 2
-1 2
+5 16
202 9
458 9
-1 4
+1 8
199 3
+27 2
+11 2
-5 2
-6 4
+5 2
+2 4
+1 4
+3 8
+66 2
-97 2
+97 2
-66 2
+66 4
-65 6
+6 8
cfi=(27)
cfn=(150) _dl_dst_count
calls=2 -13 
* 108
* 6
+4 6
-2 2
+2 2
cob=(2)
cfi=(18)
cfn=(110) 0x0000000004001090
calls=2 0 
* 6340
+1 4
+9 2
+2 4
+5 10
+6 2
+2 2
-8 4
+3 2
+1 2
+1 2
+1 2
+4 10
+4 6
+1 3
-43 204
+1 98
+44 147
-38 4
fi=(55)
85 3
fe=(48)
464 6
+1 1
+3 5
+11 4
cob=(2)
cfi=(18)
cfn=(44)
calls=1 0 
* 27
* 1
+2 2
+5 6
+1 1
+2 4
+2 1
+4 3
+4 2
-10 3
+2 3
+4 9
+4 6
-10 9
+13 2
+51 3
+2 1
-1 1
+1 2
+35 5
cfi=(20)
cfn=(48)
calls=1 127 
* 11
+4 5
cfi=(56) /build/glibc-ZN95T4/glibc-2.31/elf/dl-sort-maps.c
cfn=(178) _dl_sort_maps
calls=1 28 
* 236
+3 1
+2 1
+1 1
-1 1
+2 2
+7 3
+3 3
+3 8
214 25
+3 2
fi=(55)
-86 6
cfi=(54) /build/glibc-ZN95T4/glibc-2.31/malloc/scratch_buffer_set_array_size.c
cfn=(174) __libc_scratch_buffer_set_array_size
calls=2 30 
* 36
fe=(48)
+86 4
+4 6
-61 2
380 6

fl=(47) /build/glibc-ZN95T4/glibc-2.31/io/../sysdeps/unix/sysv/linux/access.c
fn=(146) access
25 1
+2 7
+4 1

fl=(27)
fn=(86) expand_dynamic_string_token
378 14
234 2
378 2
234 2
378 2
234 2
cfi=(31)
cfn=(88)
calls=2 23 
* 114
+3 4
403 2
-11 2
+11 12
-11 2
cfi=(32) /build/glibc-ZN95T4/glibc-2.31/string/strdup.c
cfn=(90) strdup
calls=2 40 
* 206

fn=(82) fillin_rpath
447 7
+2 1
-2 9
+4 3
cfi=(19) /build/glibc-ZN95T4/glibc-2.31/elf/dl-minimal.c
cfn=(84) strsep
calls=1 262 
* 240
* 3
cfi=(19)
cfn=(84)
calls=1 262 
* 8
* 6
+7 2
+2 3
cfn=(86)
calls=1 -82 
* 120
* 1
+4 2
+5 2
cfi=(14)
cfn=(30)
calls=1 41 
* 17
* 1
+1 2
+7 5
+9 17
+1 8
+57 2
cob=(2)
cfi=(18)
cfn=(92) 0x0000000004001080
calls=1 0 
* 7
* 1
-39 2
+4 8
cob=(2)
cfi=(18)
cfn=(44)
calls=1 0 
* 27
+2 3
+5 1
+1 2
-2 2
+2 1
cfi=(20)
cfn=(78) mempcpy
calls=1 114 
* 13
+1 1
+2 1
-3 1
+1 1
+2 1
+6 4
+1 10
+1 4
-1 2
+1 4
-1 6
+3 1
+1 1
-1 1
+1 1
+8 1
-1 1
+4 3
-60 4
+23 2
+43 1
+3 9
-15 2

fn=(128) _dl_map_object_from_fd
866 20
+10 2
-10 2
+10 2
-10 6
+10 2
cfi=(33) /build/glibc-ZN95T4/glibc-2.31/elf/dl-debug.c
cfn=(96) _dl_debug_initialize
calls=2 46 
* 18
* 2
+7 8
+61 8
+10 4
+7 8
+33 4
877 2
997 14
cfi=(17) /build/glibc-ZN95T4/glibc-2.31/elf/dl-object.c
cfn=(38) _dl_new_object
calls=2 59 
* 861
* 2
+1 4
+11 4
+5 2
-5 2
+1 2
+5 2
-5 2
+1 2
+2 2
-2 2
+2 4
+1 6
+20 4
-2 2
+2 34
+8 2
-8 2
+8 2
-8 2
+8 6
+90 2
-96 2
+96 2
-97 2
-5 4
1132 4
-89 194
fi=(41) /build/glibc-ZN95T4/glibc-2.31/elf/../sysdeps/posix/dl-fileid.h
37 8
cfi=(42) /build/glibc-ZN95T4/glibc-2.31/io/../sysdeps/unix/sysv/linux/wordsize-64/fxstat.c
cfn=(132) _fxstat
calls=2 -4 
* 22
* 4
fe=(27)
901 4
fi=(41)
40 4
+1 2
fe=(27)
901 2
fi=(41)
40 2
fe=(27)
901 23
+1 10
fi=(41)
49 12
fe=(27)
1417 18
1018 9
-98 4
1066 40
+5 56
+8 8
+1 8
+1 8
-2 8
+1 16
+1 24
-1 8
+1 8
-1 16
+1 32
+3 8
-3 8
+1 16
+2 8
+4 16
+1 36
+5 12
-1 6
+1 6
-1 6
-14 6
+15 30
-52 36
+52 4
-1 2
+1 2
-1 2
-14 2
+15 10
-52 114
1157 4
1010 4
1170 4
+10 8
fi=(44) /build/glibc-ZN95T4/glibc-2.31/elf/./dl-map-segments.h
56 2
fe=(27)
1180 4
fi=(44)
56 4
fe=(27)
1180 6
fi=(44)
56 4
-6 2
+6 2
-6 2
+6 2
cfi=(43) /build/glibc-ZN95T4/glibc-2.31/misc/../sysdeps/unix/sysv/linux/mmap64.c
cfn=(136) mmap
calls=2 -8 
* 40
* 2
+4 4
+3 4
+1 2
+2 2
-3 2
+1 2
+2 2
+7 10
cfi=(53) /build/glibc-ZN95T4/glibc-2.31/misc/../sysdeps/unix/syscall-template.S
cfn=(170) mprotect
calls=1 +5 
* 6
* 2
+7 2
+2 2
fi=(45) /build/glibc-ZN95T4/glibc-2.31/elf/./dl-load.h
+8 16
+1 6
+2 16
fi=(44)
+11 32
+6 2
+2 2
-2 2
+1 2
+2 4
-1 4
+3 4
+5 4
+3 4
+8 14
cfi=(30) /build/glibc-ZN95T4/glibc-2.31/string/../sysdeps/x86_64/multiarch/memset-vec-unaligned-erms.S
cfn=(80) memset
calls=2 -23 
* 314
+1 4
+5 4
+12 8
-59 40
+2 30
+2 48
cfi=(43)
cfn=(136)
calls=6 -46 
* 108
* 12
fe=(27)
1107 3
+4 1
+1 2
+1 1
+3 5
+1 1
+3 1
-3 1
+8 4
-65 2
+1 1
+88 20
cfi=(21) /build/glibc-ZN95T4/glibc-2.31/elf/../sysdeps/x86/dl-prop.h
cfn=(134) _dl_process_pt_note
calls=4 153 
* 309
* 16
1049 4
+5 4
+1 8
-37 5
+1 2
-1 1
+1 2
cfi=(52) /build/glibc-ZN95T4/glibc-2.31/io/../sysdeps/unix/sysv/linux/pread64_nocancel.c
cfn=(168) __pread64_nocancel
calls=1 29 
* 7
* 2
+24 28
1144 8
+2 2
-6 4
+1 2
+51 8
+9 6
fi=(3) /build/glibc-ZN95T4/glibc-2.31/elf/get-dynamic-info.h
42 2
+6 2
-2 2
+2 4
+15 2
+5 2
+3 2
-2 2
-2 2
-3 4
-1 40
+1 24
-16 8
+26 8
-26 53
+26 37
-26 74
+2 90
+23 74
-8 10
+3 8
+3 8
+1 8
+9 4
+20 7
+1 8
+1 8
+1 8
+2 8
+5 8
+1 7
+1 8
+5 6
+5 4
+7 4
+1 6
+18 6
+5 2
+2 2
+2 2
+2 2
+3 6
+2 3
+1 2
+9 2
+5 2
+3 4
fe=(27)
1208 4
+2 4
+19 6
+19 4
+2 10
+48 6
+1 2
+3 2
cfi=(46) /build/glibc-ZN95T4/glibc-2.31/io/../sysdeps/unix/sysv/linux/close_nocancel.c
cfn=(144) __GI___close_nocancel
calls=1 25 
* 6
* 2
cfi=(46)
cfn=(144)
calls=1 25 
* 6
* 4
+9 4
+2 8
+2 4
+16 4
cfi=(6)
cfn=(10)
calls=2 961 
* 48
+4 4
+1 4
+17 4
+4 2
+5 2
-5 2
+5 2
+10 4
+9 4
+1 4
+5 1
cfi=(34) /build/glibc-ZN95T4/glibc-2.31/elf/../elf/dl-tls.c
cfn=(172) _dl_next_tls_modid
calls=1 48 
* 7
* 1
+7 3
cfi=(17)
cfn=(50) _dl_add_to_namespace_list
calls=1 31 
* 48
* 3
cfi=(17)
cfn=(50)
calls=1 31 
* 44
+4 6
fi=(45)
94 5
+2 1
-1 2
+1 1
-1 1
+1 1
-1 1
+1 1
-1 2
+3 4
fe=(27)
1354 2
fi=(44)
141 8
cfi=(43)
cfn=(136)
calls=1 -93 
* 18
+3 2
fe=(27)
1018 2
fi=(41)
49 2
fe=(27)

fn=(118)
1927 30
+8 6
+1 12
+3 42
+5 49
+2 21
cfi=(38) /build/glibc-ZN95T4/glibc-2.31/elf/dl-misc.c
cfn=(120) _dl_name_match_p
calls=7 282 
* 682
* 14
+4 12
+1 18
+3 2
+1 2
+1 2
-1 2
+1 2
cfi=(22)
cfn=(58)
calls=2 111 
* 50
* 4
2238 27
1972 12
-43 2
+53 6
+36 4
-2 2
+2 2
cfi=(31)
cfn=(88)
calls=2 23 
* 48
* 4
2169 2
-1 3
cfn=(86)
calls=1 378 
* 246
+2 1
-3 1
+1 1
+2 2
+4 4
cfn=(122) open_verify.constprop.1
calls=1 1466 
* 285
* 1
+3 2
+12 4
+46 1
+1 3
-1 1
+1 9
cfn=(128)
calls=1 866 
* 1851
-1 1
+1 3
-1 1
+1 9
cfn=(128)
calls=1 866 
* 2275
* 6
2022 2
cfi=(14)
cfn=(30)
calls=1 41 
* 17
* 2
+2 2
+7 4
+36 12
cfn=(154) open_path
calls=1 1779 
* 1340
+6 1
-6 1
+6 4
659 1
2074 1
659 2
2161 2
+28 4
+2 4
2035 5
+8 4
-3 3
659 1
2041 1
659 2
2082 1
+14 2
+2 3
+4 2
cfi=(50) /build/glibc-ZN95T4/glibc-2.31/elf/dl-cache.c
cfn=(160) _dl_load_cache_lookup
calls=1 187 
* 1311
* 1
+2 2
+4 2
+8 3
+23 6
cfn=(156) open_verify.constprop.0
calls=1 1466 
* 393
+4 2
-4 1
+4 1
+1 2
-89 4
+1 8
659 1
2057 1
659 2
2066 2
+1 2

fn=(150)
231 4
+3 2
-3 4
+7 2
-7 4
+3 2
cfi=(31)
cfn=(88)
calls=2 23 
* 72
+3 4
+20 14

fn=(72) _dl_init_paths
681 2
+13 2
-13 8
+13 3
cfi=(28) /build/glibc-ZN95T4/glibc-2.31/elf/dl-hwcaps.c
cfn=(74) _dl_important_hwcaps
calls=1 42 
* 747
+5 1
-5 1
+5 1
cob=(2)
cfi=(18)
cfn=(44)
calls=1 0 
* 27
-1 1
+2 2
+7 2
+1 4
-1 3
+4 4
cob=(2)
cfi=(18)
cfn=(44)
calls=1 0 
* 27
* 2
+2 2
+7 1
+10 1
-2 2
+2 1
+3 2
+9 1
-7 1
+7 2
-3 1
-20 1
+12 1
+3 1
+8 1
-3 17
cfi=(30)
cfn=(80)
calls=4 108 
* 52
+3 18
-14 9
+14 3
-12 6
+4 3
+4 3
-7 3
+3 3
+1 3
-2 3
+5 3
+1 3
-4 3
+4 3
+14 1
-11 1
+6 1
+1 1
+5 2
+2 4
+2 3
+38 5
-19 1
-2 1
+2 2
+21 2
cfi=(14)
cfn=(30)
calls=1 41 
* 17
* 10
-7 2
+7 9
cfi=(20)
cfn=(48)
calls=1 127 
* 11
* 1
+5 4
-1 2
+2 56
-1 57
+5 1
cob=(2)
cfi=(18)
cfn=(44)
calls=1 0 
* 27
-1 1
+1 1
+1 2
+6 6
cfn=(82)
calls=1 447 
* 588
+3 3
+6 1
+4 8
-30 2

fn=(122)
1466 1
+70 1
-70 4
+70 1
-70 6
+70 1
cfi=(39) /build/glibc-ZN95T4/glibc-2.31/io/../sysdeps/unix/sysv/linux/open64_nocancel.c
cfn=(124) __open_nocancel
calls=1 34 
* 19
* 1
+2 2
+11 2
+6 1
-6 1
+1 2
+5 5
cfi=(40)
cfn=(126)
calls=1 25 
* 6
+2 2
+2 3
+2 2
+6 2
+16 9
1761 2
cob=(2)
cfi=(18)
cfn=(92)
calls=1 0 
* 7
+4 9
1583 7
+74 2
+5 2
+2 4
+6 2
+6 1
+1 1
-1 3
+1 1
-1 1
+1 2
+1 2
+20 4
1543 2
1698 66
+1 28
+1 8
+4 8
+17 4
+8 12
+3 18
+3 2
-4 2
+4 4
+6 4
-36 6

fn=(154)
1779 8
+1 1
-1 6
+1 1
+6 2
+5 17
-7 1
1443 2
1791 1
-8 1
+8 2
+3 2
+9 6
+7 3
+1 1
-1 1
cfi=(20)
cfn=(78)
calls=1 114 
* 13
-12 1
+12 1
+55 2
-22 8
-32 27
+3 8
-3 8
+3 8
+4 56
cfi=(20)
cfn=(78)
calls=8 114 
* 109
* 32
cfi=(20)
cfn=(78)
calls=8 114 
* 104
+3 16
+3 24
+3 48
cfn=(156)
calls=8 1466 
* 424
* 8
+2 24
+2 16
+62 1
+27 9
-24 8
+7 2
-2 2
+2 2
+3 3
-95 16
+25 16
+1 56
+6 16
+2 24
-2 16
+2 8
cfi=(49)
cfn=(158)
calls=8 33 
* 109
* 8
+3 8
-3 16
+1 1
+2 1
-2 1
+2 23
-57 2

fn=(156)
1466 99
+39 27
+31 36
cfi=(39)
cfn=(124)
calls=9 34 
* 195
* 9
+2 18
+11 2
+6 1
-6 1
+1 2
+5 5
cfi=(40)
cfn=(126)
calls=1 25 
* 6
+2 2
+2 3
+2 2
+6 2
+16 9
-65 8
1765 81
1583 7
+74 2
+5 2
+2 4
+6 2
+6 1
+1 1
-1 3
+1 1
-1 1
+1 2
+21 4
1543 2
1698 48
+1 24
+1 8
+4 8
+6 4
+1 32
+10 14
cfi=(52)
cfn=(168)
calls=2 29 
* 14
* 12
+8 18
+15 2
+6 3
-3 1
+1 1
+3 1
-3 2
+1 1
-1 1
-1 1
+4 2
1583 3
1761 2
cob=(2)
cfi=(18)
cfn=(92)
calls=1 0 
* 7
* 1
-29 18
+3 2
-4 2
+4 4
+5 1
+1 4
-60 15
+1 2
-1 1
+1 3
cfi=(52)
cfn=(168)
calls=1 29 
* 7
* 8

fl=(50)
fn=(166) _dl_cache_libcmp
141 10
+1 42
+2 196
+20 96
+2 96
+5 78
-1 39
+1 39
-29 78
+32 3
-28 2
+6 1
+2 1
-2 1
+1 2
-1 1
+2 3
+2 3
-3 1
+3 1
+2 2
+9 18

fn=(160)
187 10
+8 2
+3 3
+54 5
+11 1
-2 1
fi=(51) /build/glibc-ZN95T4/glibc-2.31/elf/../sysdeps/x86/dl-procinfo.h
39 2
+3 3
cfi=(22)
cfn=(58)
calls=1 +69 
* 25
* 4
fe=(50)
267 4
cfi=(8) /build/glibc-ZN95T4/glibc-2.31/elf/dl-tunables.c
cfn=(26) __tunable_get_val
calls=1 368 
* 20
* 2
+8 2
+15 117
cfn=(166)
calls=9 141 
* 642
* 62
cfn=(166)
calls=1 141 
* 71
* 6
-14 1
-1 2
+1 2
-1 2
+15 22
+16 2
+4 2
+8 3
cfi=(14)
cfn=(30)
calls=1 41 
* 35
* 13
+1 2
-1 1
+1 1
cfi=(20)
cfn=(48)
calls=1 127 
* 11
* 1
+1 1
cfi=(32)
cfn=(90)
calls=1 40 
* 91
+1 8
-3 2
201 4
cfi=(38)
cfn=(162) _dl_sysdep_read_whole_file
calls=1 44 
* 99
* 1
+8 5
+1 8
+3 1
+1 2
+88 7

fn=(304) _dl_unload_cache
330 1
+1 4
-1 1
+3 2
cfi=(53)
cfn=(306) munmap
calls=1 78 
* 6
+1 1
+2 2

fl=(17)
fn=(38)
59 33
+3 3
-3 6
+3 6
+15 8
cfi=(14)
cfn=(30)
calls=2 -36 
* 78
* 10
+12 8
cob=(2)
cfi=(18)
cfn=(40) 0x00000000040010c0
calls=2 -89 
* 115
* 4
cob=(2)
cfi=(18)
cfn=(40)
calls=1 -89 
* 45
* 3
+3 6
+4 3
+5 3
-6 3
+6 3
-5 3
+5 3
-5 3
+5 3
-1 3
+1 3
-1 3
+1 3
cfi=(20)
cfn=(48)
calls=3 +26 
* 52
* 3
+15 6
-15 3
+15 3
-13 3
+13 10
+6 1
+2 7
+3 2
-3 14
+3 4
+2 3
+4 3
+3 14
+2 1
-2 3
+2 15
-2 45
+16 6
-5 3
+5 3
-6 3
+6 3
-6 3
+6 6
+2 4
+3 4
-3 4
+7 8
+4 4
+2 1
+6 1
+3 1
+10 2
-10 1
+10 1
-10 2
+10 4
-10 2
+10 2
+2 2
+21 2
-21 2
cfi=(14)
cfn=(30)
calls=2 41 
* 96
+4 2
-4 6
+17 2
-13 6
+50 6
cfi=(20)
cfn=(78)
calls=2 114 
* 42
* 2
+5 4
+1 4
-1 80
+1 80
+2 4
+3 2
+3 2
+4 27
128 6
+37 6
-15 1
+7 4
-21 4
+60 4
cob=(2)
cfi=(18)
cfn=(44)
calls=2 0 
* 54
* 2
+1 8
64 2
+1 6
+9 1
-5 2

fn=(50)
31 6
+2 3
-2 6
+2 3
-2 6
+2 3
cfi=(2) /build/glibc-ZN95T4/glibc-2.31/elf/rtld.c
cfn=(52) rtld_lock_default_lock_recursive
calls=3 801 
* 9
+2 20
+3 20
+2 2
+2 2
+4 2
+4 2
+1 2
-5 4
+1 4
+1 2
+3 2
-3 2
+3 2
-1 2
cfi=(2)
cfn=(54) rtld_lock_default_unlock_recursive
calls=2 807 
* 6
-4 1
+4 1
+1 1
-5 2
+1 2
+1 1
+3 1
-3 1
+3 1
-1 1
cfi=(2)
cfn=(54)
calls=1 807 
* 3
-5 2

fl=(58) /build/glibc-ZN95T4/glibc-2.31/elf/../sysdeps/x86/dl-cet.c
fn=(194) _dl_cet_check
343 1
+1 1
cfn=(196) dl_cet_check
calls=1 97 
* 29

fn=(196)
97 7
+3 1
-1 1
+4 1
-4 1
+3 1
+4 2
+1 2
-1 2
+6 1
+5 2
326 8

fl=(10) /build/glibc-ZN95T4/glibc-2.31/elf/../sysdeps/unix/sysv/linux/dl-sysdep.c
fn=(68) _dl_discover_osversion
46 5
+2 3
+85 5
-45 2
cfi=(26) /build/glibc-ZN95T4/glibc-2.31/posix/../sysdeps/unix/syscall-template.S
cfn=(70) uname
calls=1 -10 
* 6
+15 1
-15 2
+20 1
-1 1
+3 12
+4 3
-2 6
+2 9
+7 3
-1 3
+4 3
-2 3
+2 10
+5 2

fl=(36) /build/glibc-ZN95T4/glibc-2.31/elf/dl-error-skeleton.c
fn=(108) _dl_catch_error
225 10
+2 2
cob=(2)
cfi=(18)
cfn=(110)
calls=1 0 
* 2830
+1 2
+1 1
+1 1
-1 1
+1 1
+2 5

fn=(112) _dl_catch_exception
175 24
+3 6
+22 3
-1 3
+7 6
-6 3
+3 6
+3 3
cfi=(37) /build/glibc-ZN95T4/glibc-2.31/setjmp/../sysdeps/x86_64/setjmp.S
cfn=(114) __sigsetjmp
calls=3 30 
* 72
* 12
+2 9
cfi=(48)
cfn=(152)
calls=2 61 
* 6218
cfi=(2)
cfn=(116) map_doit
calls=1 606 
* 2769
+2 3
-1 3
+1 3
-1 3
+1 6
+9 12

fn=(180) _dl_receive_error
238 6
+1 1
+1 1
+3 1
+1 1
+2 1
cfi=(2)
cfn=(182) version_check_doit
calls=1 639 
* 2638
+2 1
+1 1
+1 4

fl=(39)
fn=(124)
34 11
+3 11
-3 33
+3 66
+8 77
+2 3
-2 24
+2 8

fl=(32)
fn=(90)
40 15
+1 3
cfi=(14)
cfn=(30)
calls=3 * 
* 113
* 3
+1 6
cob=(2)
cfi=(18)
cfn=(44)
calls=3 -42 
* 81
+2 6
+4 3
-1 9
+1 6
-1 3
cfi=(20)
cfn=(48)
calls=3 +80 
* 49

fl=(46)
fn=(144)
25 3
+1 12
+1 3

fl=(127) /build/glibc-ZN95T4/glibc-2.31/elf/../sysdeps/x86_64/dl-trampoline.h
fn=(416) _dl_runtime_resolve_xsave
67 2
+5 2
+3 2
+2 2
+10 2
+6 2
+1 2
+1 2
+1 2
+1 2
+1 2
+1 2
+4 2
+1 2
+3 2
+1 2
+2 2
+1 2
+1 2
+1 2
+1 2
+1 2
+2 2
+7 2
+1 2
+1 2
cfi=(128) /build/glibc-ZN95T4/glibc-2.31/elf/../elf/dl-runtime.c
cfn=(418) _dl_fixup
calls=2 -60 
* 1497
+1 2
+5 2
+1 2
+1 2
+2 2
+1 2
+1 2
+1 2
+1 2
+1 2
+1 2
+2 2
+2 2
+4 2
+3 2

fl=(52)
fn=(168)
29 12
+1 24
+1 6

fl=(42)
fn=(132)
33 12
+1 6
+1 12
+4 3

fl=(101) /build/glibc-ZN95T4/glibc-2.31/elf/dl-init.c
fn=(312) call_init.part.0
28 32
+8 4
-8 4
+11 4
-3 8
+3 12
+5 9
+5 4
+9 12
cob=(3)
cfi=(103) /build/glibc-ZN95T4/glibc-2.31/csu/init-first.c
cfn=(324) _init
calls=1 -6 
* 94
cob=(2)
cfi=(18)
cfn=(314) 0x0000000004831000
calls=1 -58 
* 7
* 2
+4 4
+6 2
+2 4
-2 4
+3 10
+1 8
cob=(3)
cfi=(107) /build/glibc-ZN95T4/glibc-2.31/libio/vtables.c
cfn=(334) check_stdfiles_vtables
calls=1 +11 
* 12
cob=(4)
cfi=(102)
cfn=(318)
calls=1 -72 
* 12
* 4
cob=(3)
cfi=(108) /build/glibc-ZN95T4/glibc-2.31/string/../sysdeps/x86/cacheinfo.c
cfn=(336) init_cacheinfo
calls=1 488 
* 1691
-1 9
+3 24
-29 3
-5 3

fn=(310) _dl_init
79 12
+1 1
+1 1
+3 3
+8 2
+25 1
+1 5
+1 2
-89 2
+89 6
-89 18
cfn=(312)
calls=3 -2 
* 1910
+88 12
+7 8
-95 3
cfn=(312)
calls=1 -2 
* 72
+57 2

fl=(22)
fn=(58)
111 199
+33 199
+1 199
+2 199
+1 199
+21 199
+1 199
+1 186
+1 186
+1 176
+1 176
+1 176
+1 176
+21 176
+1 176
+1 176
+1 176
+1 176
+1 176
+1 176
+5 7
+1 21
+9 7
+1 7
+1 7
+1 7
+1 7
+1 7
+1 7
+1 7
-7 23
+1 23
+1 23
+1 23
+1 23
+1 23
+1 23
+1 23
+1 28
+1 16
+1 16
+1 16
+2 16
+1 16
+1 16
+1 16
+1 16
+1 16
-5 12
+1 12
+1 12
+1 12
+1 12
+1 12
+10 2
+1 2
+1 2
+2 2
+6 2
+1 2
+1 2
+1 2
+1 2
+5 2
+2 1
+1 1
+1 2
+8 1
+1 1
+3 1
+1 1
+1 1
+1 1
+1 1
+1 1
571 1
+1 1
+1 1
+1 1
+1 1
+2 1
+1 1
+1 1
+1 1
+1 1
+1 1
+1 1
+1 1
+4 1
+1 1
+1 1
+6 1
+1 1
+1 2
+4 1
+1 1
+3 1
+1 1
+1 1
+3 1
+1 1
+1 1
+6 1
+1 1
+1 1
+1 1
+1 1
+1 1
821 1
+1 1
+1 1
+1 1
+1 1
+2 1
+1 1
+1 1
+1 1
+1 1
+1 1
+1 1
+1 1
+4 1
+1 1
+1 1
+6 1
+1 1
+1 2
+4 1
+1 1
+3 1
+1 1
+1 1
+3 1
+1 1
+1 1
+6 1
+1 1
+1 1
+1 1
+1 1
+1 1
+72 2
+1 2
+1 2
+1 2
+1 2
+2 2
+1 2
+1 2
+1 2
+1 2
+1 2
+1 2
+1 1
+4 1
+1 1
+1 1
+6 1
+1 1
+1 2
+4 1
+1 1
+3 1
+1 1
+1 1
+3 1
+1 1
+1 1
+6 1
+1 1
+1 1
+1 1
+1 1
+1 1
+72 1
+1 1
+1 1
+1 1
+1 1
+2 1
+1 1
+1 1
+1 1
+1 1
+1 1
+1 1
1196 3
+1 3
+1 3
+1 3
+1 3
+2 3
+1 3
+1 3
+1 3
+1 3
+1 3
+1 3
+1 1
+4 1
+1 1
+1 1
+6 1
+1 1
+1 2
+4 1
+1 1
+3 1
+1 1
+1 1
+3 1
+1 1
+1 1
+6 1
+1 1
+1 1
+1 1
+1 1
+1 1
+72 4
+1 4
+1 4
+1 4
+1 4
+2 4
+1 4
+1 4
+1 4
+1 4
+1 4
+1 4
+1 3
+4 3
+1 3
+1 3
+6 3
+1 3
+1 6
+4 3
+1 3
+3 3
+1 3
+1 3
+3 3
+1 3
+1 3
+6 3
+1 3
+1 3
+1 3
+1 3
+1 3
+72 3
+1 3
+1 3
+1 3
+1 3
+2 3
+1 3
+1 3
+1 3
+1 3
+1 3
+1 3
+1 1
+4 1
+1 1
+1 1
+6 1
+1 1
+1 2
+4 1
+1 1
+3 1
+1 1
+1 1
+3 1
+1 1
+1 1
+6 1
+1 1
+1 1
+1 1
+1 1
+1 1
+72 7
+1 7
+1 7
+1 7
+1 7
+2 7
+1 7
+1 7
+1 7
+1 7
+1 7
+1 7
+1 5
+4 5
+1 5
+1 5
+6 5
+1 5
+1 10
+4 5
+1 5
+3 5
+1 5
+1 5
+3 5
+1 5
+1 5
+6 5
+1 5
+1 5
+1 5
+1 5
+1 5
+72 2
+1 2
+1 2
+1 2
+1 2
+2 2
+1 2
+1 2
+1 2
+1 2
+1 2
+1 2
+1 2
+4 2
+1 2
+1 2
+6 2
+1 2
+1 4
+4 2
+1 2
+3 2
+1 2
+1 2
+3 2
+1 2
+1 2
+6 2
+1 2
+1 2
+1 2
+1 2
+1 2
+7 1
+1 1
+2 1
+1 1
+2 1
+1 1
+1 1
+3 1
+1 1
+1 1
+6 1
+1 1
+1 1
+1 1
+1 1
+1 1
+41 1
+1 1
+1 1
+1 1
+1 1
+2 1
+1 1
+1 1
+1 1
+1 1
+1 1
+1 1
+1 1
+4 1
+1 1
+1 1
+6 1
+1 1
+1 2
+4 1
+1 1
+3 1
+1 1
+1 1
+3 1
+1 1
+1 1
+6 1
+1 1
+1 1
+1 1
+1 1
+1 1
+7 1
+1 1
+2 1
+1 1
+2 1
+1 1
+1 1
+3 1
+1 1
+1 1
+6 1
+1 1
+1 1
+1 1
+1 1
+1 1
+41 1
+1 1
+1 1
+1 1
+1 1
+2 1
+1 1
+1 1
+1 1
+1 1
+1 1
+1 1
2071 2
+1 2
+1 2
+1 2
+1 2
+2 2
+1 2
+1 2
+1 2
+1 2
+1 2
+1 2
2200 17
+2 17
+1 17
+1 17
+1 17
-3 13
+1 13
+1 13
+1 13
+1 32
+5 16
+6 16
+1 16
+8 16
+1 16
-16 183
+6 183
+1 183
+8 183
+1 183

fl=(53)
fn=(170)
78 25
+1 5

fn=(306)
78 5
+1 1

fl=(11) /build/glibc-ZN95T4/glibc-2.31/elf/../sysdeps/unix/sysv/linux/x86_64/brk.c
fn=(20) brk
28 1
+3 5
+2 2
+6 1
+1 1

fl=(57) /build/glibc-ZN95T4/glibc-2.31/elf/dl-version.c
fn=(184) _dl_check_all_versions
362 6
+4 5
-2 2
+4 24
cfn=(186) _dl_check_map_versions
calls=4 156 
* 2555
-2 4
+2 16
-2 8
+5 7

fn=(186)
156 32
+15 4
-15 8
+15 8
+2 4
+3 8
-3 4
+2 4
+1 4
-1 4
+3 8
+3 4
-16 2
-8 2
+28 2
-4 2
+4 12
+16 2
37 4
201 2
37 10
+1 5
-1 10
+2 21
cfi=(38)
cfn=(120)
calls=7 282 
* 613
* 14
209 6
+5 2
-71 4
+71 4
-71 6
+79 2
-2 2
-2 4
+4 2
-4 12
+4 2
-2 2
-2 4
+4 2
-4 22
57 6
+8 6
-8 6
+8 6
+6 12
+16 4
+1 8
+2 4
+5 28
+14 36
+12 42
+4 14
-30 28
225 16
+3 12
+5 2
-11 2
111 4
+3 16
cfi=(22)
cfn=(58)
calls=4 -3 
* 146
* 18
237 8
-27 2
+41 8
+3 8
+10 35
-7 140
+3 105
-3 8
+3 6
+8 6
+89 36
165 2
+86 2
-94 2
+94 3
+23 12
cob=(2)
cfi=(18)
cfn=(40)
calls=3 0 
* 114
-1 3
+1 3
+1 6
+13 3
-3 3
+3 6
+2 9
+3 8
+4 6
+7 4
+1 4
-1 8
+1 4
-1 4
+1 4
+1 4
-2 4
+2 8
+1 12
+3 12
+5 2
-15 2
+2 2
-2 2
+2 2
-2 2
+2 4
-2 2
+2 2
-2 2
+2 2
-2 2
+2 4
+16 6
+10 9
+3 8
+4 35
+6 35
+1 35
+1 35
-1 105
+1 35
-1 35
+1 35
+1 35
+3 105
+4 35
-14 74
+10 6

fl=(16) /build/glibc-ZN95T4/glibc-2.31/elf/dl-environ.c
fn=(36) _dl_next_ld_env_entry
28 3
+1 3
+3 71
+13 61
-13 122
+2 126
+1 22
+5 2
-3 2
+3 2
+2 2
+7 1

fl=(21)
fn=(134)
153 40
+4 4
+2 16
53 4
+6 2
160 1
-98 1
+5 2
+89 2
-89 2
+89 4
-89 4
+70 8
-1 2
-69 6
+3 6
+1 4
+1 4
+4 6
+4 6
+3 6
+1 4
+4 2
+1 4
+11 2
+1 8
+5 4
-13 4
+1 2
+3 6
+66 4
+16 4
+3 4
+1 32
-19 30
+6 6
-6 2
+6 4
cfi=(52)
cfn=(168)
calls=2 29 
* 14
* 4
53 4
+6 2
+3 1
+5 2
+75 10
+1 2
+1 4
+1 4
-32 4
+3 4
+4 2

fl=(26)
fn=(70)
78 5
+1 1

fl=(56)
fn=(178)
28 26
+2 4
+4 38
+1 6
-1 2
+1 4
cfi=(30)
cfn=(80)
calls=2 +73 
* 32
* 16
-2 8
+6 8
+3 2
-3 4
+1 6
+2 2
-3 16
+3 4
-3 8
+1 12
+2 4
+12 24
+2 12
+1 8
-1 6
+1 4
+33 12
-36 24
+61 30
+7 16
-63 18
+1 12
+58 24
cfi=(30)
cfn=(80)
calls=4 -10 
* 68
* 12
-28 9
-44 12

fl=(30)
fn=(80)
108 13
+1 65
+6 13
+1 13
+1 6
+1 6
+2 4
+1 4
+2 4
+65 2
+1 2
+10 2
+1 2
+1 2
+1 2
+1 2
+1 2
+1 2
+1 2
+1 2
+1 2
+1 2
+1 2
+1 2
+1 2
+2 40
+1 40
+1 40
+1 40
+1 40
+1 40
+1 40
+1 2
+15 7
+1 7
+1 7
+1 6
+1 6
+1 2
+1 2
+24 1
+1 1
+2 1
+3 4
+1 4
+2 4
+3 2
+1 2
+2 2

fl=(129) /build/glibc-ZN95T4/glibc-2.31/elf/dl-open.c
fn=(422) _dl_find_dso_for_object
201 9
+4 3
+1 4
+1 12
+1 2
-2 6
+5 2
+4 7

fl=(1) ???
fn=(0) 0x0000000000001100
0 2
cfi=(2)
cfn=(2) _dl_start
calls=1 463 
0 142338
0 14
cfi=(101)
cfn=(310)
calls=1 79 
0 2060
0 3
cob=(5)
cfi=(110)
cfn=(346)
calls=1 0 
0 14223205046

fl=(7) /build/glibc-ZN95T4/glibc-2.31/elf/../elf/dl-sysdep.c
fn=(12) _dl_sysdep_start
89 9
+25 1
-1 1
+1 199
+6 1
-3 1
+1 1
-4 1
+3 1
+3 8
-29 1
-1 2
+30 20
+1 108
+61 1
+1 1
-1 1
+1 1
-63 75
+34 1
-34 2
+35 1
-35 2
+46 1
-46 1
+47 1
-1 1
-46 3
+40 1
-40 1
+41 1
-1 1
-40 3
+37 1
-37 2
+38 1
-38 3
+13 1
-13 2
+14 1
-14 2
+10 1
-10 2
+11 1
-11 2
+7 1
-7 4
+4 1
-4 4
223 1
cfi=(8)
cfn=(14) __GI___tunables_init
calls=1 +64 
* 28862
fi=(10)
36 2
cfi=(11)
cfn=(20)
calls=1 -8 
* 10
fi=(12)
322 1
-13 1
+13 1
-12 1
+1 1
+11 1
+3 6
476 3
+1 1
+3 2
+1 1
+6 1
+6 1
-5 1
+5 1
-3 1
+3 1
-4 1
+4 1
cfi=(8)
cfn=(26)
calls=1 368 
* 18
+2 4
cfi=(8)
cfn=(26)
calls=1 368 
* 20
* 1
+2 3
-2 1
+2 1
cfi=(8)
cfn=(26)
calls=1 368 
* 20
* 1
+2 3
-2 1
+2 1
cfi=(8)
cfn=(26)
calls=1 368 
* 20
* 1
+12 1
-1 1
-11 1
+12 1
+47 4
cfi=(8)
cfn=(26)
calls=1 368 
* 18
+2 4
cfi=(8)
cfn=(26)
calls=1 368 
* 18
fi=(13) /build/glibc-ZN95T4/glibc-2.31/elf/../sysdeps/unix/sysv/linux/x86/cpu-features.c
28 6
fe=(7)
234 3
+1 1
cfi=(14)
cfn=(30)
calls=1 41 
* 17
* 1
+2 2
cfi=(15)
cfn=(32)
calls=1 32 
* 18
* 3
+12 3
+3 5
cfi=(2)
cfn=(34) dl_main
calls=1 1090 
* 111470
+1 1
+1 8
fi=(12)
515 3
+28 2
-9 3
+2 4
+1 2
+2 4
+1 2
331 6
cfn=(24)
calls=1 71 
* 99
49 4
+1 2
+1 6
+5 2
+1 6
+5 2
+1 6
336 7
+89 4
-96 1
+96 2
-99 1
+12 10
+38 2
+14 1
+10 5
+14 2
+1 1
fe=(7)

fn=(302) _dl_sysdep_start_cleanup
258 1
+1 1

fl=(160) /build/glibc-ZN95T4/glibc-2.31/elf/dl-fini.c
fn=(642) _dl_fini
30 9
+20 3
-3 6
+3 4
+3 2
cfi=(2)
cfn=(52)
calls=1 801 
* 3
+2 1
+3 2
+2 6
+8 2
-3 1
+3 15
+5 2
+2 8
+2 8
+2 8
+1 4
+1 4
+4 4
-12 12
+14 6
+1 4
+6 3
cfi=(56)
cfn=(178)
calls=1 -66 
* 257
+10 2
cfi=(2)
cfn=(54)
calls=1 807 
* 3
+5 6
+2 1
+2 3
-2 3
+2 9
+3 8
+3 12
+4 4
+11 2
+1 2
-1 2
+2 2
-2 2
+2 2
-2 2
+3 10
+1 2
cob=(4)
cfi=(102)
cfn=(670)
calls=1 0 
* 95
cob=(5)
cfi=(110)
cfn=(644)
calls=1 0 
* 95
-1 10
+5 4
+1 6
cob=(2)
cfi=(18)
cfn=(686) 0x000000000483129c
calls=1 0 
* 4
cob=(2)
cfi=(18)
cfn=(668) 0x000000000010de38
calls=1 0 
* 4
+6 24
+19 4
-59 14
+11 6
-26 7
+80 6
+6 2
+7 8

fl=(38)
fn=(162)
44 2
+3 1
-3 6
+3 1
-3 1
+3 1
cfi=(39)
cfn=(124)
calls=1 -13 
* 19
+1 2
+23 7
-21 5
cfi=(42)
cfn=(132)
calls=1 -17 
* 11
* 2
+2 2
+3 2
+13 2
cfi=(46)
cfn=(144)
calls=1 -43 
* 6
* 1
-11 6
cfi=(43)
cfn=(136)
calls=1 -9 
* 20
* 2

fn=(120)
282 84
+1 28
cfi=(22)
cfn=(58)
calls=14 111 
* 350
* 14
+1 14
-1 28
+3 14
+2 28
+4 15
-4 30
+1 54
cfi=(22)
cfn=(58)
calls=18 111 
* 530
* 36
-5 3
+11 23
-1 11
+1 33

fl=(34)
fn=(192) _dl_allocate_tls_storage
332 2
+13 1
-13 2
+2 1
+12 2
cob=(2)
cfi=(18)
cfn=(44)
calls=1 0 
* 27
+1 3
+8 2
-69 1
+69 2
+1 1
+4 297
+19 1
-94 2
+1 2
cob=(2)
cfi=(18)
cfn=(40)
calls=1 0 
* 38
+1 2
+3 1
+6 2
+89 5

fn=(300) _dl_allocate_tls_init
437 9
+1 2
+4 1
+6 1
-6 1
+6 2
+12 1
-15 1
-1 2
+21 5
+9 3
+1 2
+6 3
+3 1
-2 1
+6 1
-6 1
+2 2
+4 1
-4 3
+3 2
+4 2
+1 4
+2 2
+1 2
+12 1
-3 1
+3 2
cfi=(20)
cfn=(78)
calls=1 114 
* 13
* 5
cfi=(30)
cfn=(80)
calls=1 108 
* 34
* 1
-42 3
+6 6
+50 2
+3 9

fn=(172)
48 1
+3 4
+48 1
+4 1

fn=(190) _dl_determine_tlsoffset
135 4
+6 1
-6 2
+6 2
+3 2
+36 3
+2 1
-2 1
-2 1
-40 1
-1 1
-1 2
+69 2
+3 1
-3 1
+3 1
-3 4
+2 2
+10 1
-12 1
-25 6
+2 2
+3 1
-1 1
+5 2
-5 1
+1 1
-1 1
+3 2
+2 3
+12 6
+20 1
+52 2
-1 1
-51 1
+52 2
-52 1
+52 2

fn=(98) _dl_count_modids
108 1
+5 2
+1 1
+15 2

fn=(298) _dl_add_to_slotinfo
887 8
+6 1
+3 1
+1 1
+4 3
+41 2
+3 4
-1 1
+1 1
+2 6

fl=(37)
fn=(114)
30 3
+2 3
+9 3
+1 6
+1 3
+4 3
+1 3
+1 3
+1 3
+1 3
+2 6
+2 3
+1 3
+1 3
+2 6
+2 3
+8 3
+3 3
+1 3
+7 3
+1 3

fl=(128)
fn=(418)
66 6
+6 4
-6 2
+3 4
+3 6
-4 2
+5 2
+2 2
-2 10
+2 2
-2 2
+2 2
+5 4
+4 4
+4 6
+4 4
+1 8
-7 8
+16 2
-1 2
+1 4
+10 20
cfi=(6)
cfn=(206)
calls=2 841 
* 1337
* 2
+4 10
+10 18
+7 2
+8 8
+4 6
fi=(5) /build/glibc-ZN95T4/glibc-2.31/elf/../sysdeps/x86_64/dl-machine.h
+97 2
fe=(128)
-93 6

fl=(33)
fn=(100) _dl_debug_state
73 2
+1 2

fn=(96)
46 4
+3 8
+5 6
+5 2
-1 1
+1 2
+1 2
-1 1
+5 1
-14 4
+4 8
+3 1
+1 5

fl=(54)
fn=(174)
30 2
+4 2
-4 2
+1 2
+3 2
-3 2
-1 2
+5 2
-5 4
+5 2
+11 2
-1 4
+18 8

fl=(59) /build/glibc-ZN95T4/glibc-2.31/elf/dl-reloc.c
fn=(198) _dl_relocate_object
148 44
+15 4
-15 8
+15 4
+1 20
+6 8
+6 20
-18 6
+22 6
+7 16
+40 4
fi=(5)
76 4
fe=(59)
227 8
fi=(5)
76 12
+6 4
+4 6
+14 2
-8 2
+8 4
+20 4
+11 8
fe=(59)
255 144
-96 2
fi=(5)
481 6
fe=(59)
159 4
+96 2
fi=(4) /build/glibc-ZN95T4/glibc-2.31/elf/do-rel.h
48 2
fe=(59)
255 2
fi=(4)
47 2
+11 2
-11 4
+11 4
fe=(59)
255 2
-96 2
fi=(5)
481 6
fe=(59)
159 4
+96 2
fi=(4)
48 2
fe=(59)
255 2
fi=(4)
47 2
+11 2
-11 4
+11 4
fe=(59)
255 4
fi=(4)
48 4
fe=(59)
255 4
fi=(4)
47 4
+11 4
-11 8
+11 8
-7 2
-1 4
+11 4
fi=(5)
552 16
+4 16
+3 24
+1 8
fi=(4)
61 141
+2 192
+2 121
-4 3
+13 4
+1 7
+1 80
fi=(5)
552 40
+25 80
+2 40
cob=(3)
cfi=(100) /build/glibc-ZN95T4/glibc-2.31/string/../sysdeps/x86_64/multiarch/strncase_l.c
cfn=(296) strncasecmp_l
calls=1 31 
* 6
cob=(3)
cfi=(99) /build/glibc-ZN95T4/glibc-2.31/string/../sysdeps/x86_64/multiarch/strchrnul.c
cfn=(294) strchrnul
calls=1 31 
* 10
cob=(3)
cfi=(97) /build/glibc-ZN95T4/glibc-2.31/wcsmbs/../sysdeps/x86_64/multiarch/wmemcmp.c
cfn=(290) wmemcmp
calls=1 29 
* 13
cob=(3)
cfi=(96) /build/glibc-ZN95T4/glibc-2.31/string/../sysdeps/x86_64/multiarch/stpcpy.c
cfn=(288) stpcpy
calls=1 33 
* 9
cob=(3)
cfi=(95) /build/glibc-ZN95T4/glibc-2.31/string/../sysdeps/x86_64/multiarch/stpncpy.c
cfn=(286) stpncpy
calls=1 31 
* 9
cob=(3)
cfi=(94) /build/glibc-ZN95T4/glibc-2.31/string/../sysdeps/x86_64/multiarch/strspn.c
cfn=(284) strspn
calls=1 29 
* 7
cob=(3)
cfi=(93) /build/glibc-ZN95T4/glibc-2.31/wcsmbs/../sysdeps/x86_64/multiarch/wcslen.c
cfn=(282) wcslen
calls=1 29 
* 10
cob=(3)
cfi=(92) /build/glibc-ZN95T4/glibc-2.31/string/../sysdeps/x86_64/multiarch/memchr.c
cfn=(280) memchr
calls=1 29 
* 10
cob=(3)
cfi=(91) /build/glibc-ZN95T4/glibc-2.31/string/../sysdeps/x86_64/multiarch/strcasecmp_l.c
cfn=(278) strcasecmp_l
calls=1 31 
* 6
cob=(3)
cfi=(90) /build/glibc-ZN95T4/glibc-2.31/string/../sysdeps/x86_64/multiarch/memrchr.c
cfn=(276) memrchr
calls=1 29 
* 10
cob=(3)
cfi=(89) /build/glibc-ZN95T4/glibc-2.31/string/../sysdeps/x86_64/multiarch/strlen.c
cfn=(274) strlen
calls=1 29 
* 10
cob=(3)
cfi=(88) /build/glibc-ZN95T4/glibc-2.31/string/../sysdeps/x86_64/multiarch/strchr.c
cfn=(272) index
calls=1 49 
* 9
cob=(3)
cfi=(87) /build/glibc-ZN95T4/glibc-2.31/string/../sysdeps/x86_64/multiarch/strpbrk.c
cfn=(270) strpbrk
calls=1 29 
* 7
cob=(3)
cfi=(86) /build/glibc-ZN95T4/glibc-2.31/wcsmbs/../sysdeps/x86_64/multiarch/wcscpy.c
cfn=(268) wcscpy
calls=1 43 
* 7
cob=(3)
cfi=(84) /build/glibc-ZN95T4/glibc-2.31/wcsmbs/../sysdeps/x86_64/multiarch/wmemset.c
cfn=(264) wmemset
calls=2 31 
* 34
cob=(3)
cfi=(83) /build/glibc-ZN95T4/glibc-2.31/wcsmbs/../sysdeps/x86_64/multiarch/wcsnlen.c
cfn=(262) wcsnlen
calls=1 49 
* 9
cob=(3)
cfi=(82) /build/glibc-ZN95T4/glibc-2.31/string/../sysdeps/x86_64/multiarch/memcpy.c
cfn=(258) memcpy@@GLIBC_2.14
calls=1 29 
* 17
cob=(3)
cfi=(81) /build/glibc-ZN95T4/glibc-2.31/string/../sysdeps/x86_64/multiarch/strcpy.c
cfn=(256) strcpy
calls=1 29 
* 9
cob=(3)
cfi=(80) /build/glibc-ZN95T4/glibc-2.31/string/../sysdeps/x86_64/multiarch/strncase.c
cfn=(254) strncasecmp
calls=1 31 
* 6
cob=(3)
cfi=(79) /build/glibc-ZN95T4/glibc-2.31/string/../sysdeps/x86_64/multiarch/strcspn.c
cfn=(252) strcspn
calls=1 29 
* 7
cob=(3)
cfi=(78) /build/glibc-ZN95T4/glibc-2.31/string/../sysdeps/x86_64/multiarch/strnlen.c
cfn=(250) strnlen
calls=2 31 
* 20
cob=(3)
cfi=(77) /build/glibc-ZN95T4/glibc-2.31/wcsmbs/../sysdeps/x86_64/multiarch/wcschr.c
cfn=(248) wcschr
calls=2 31 
* 20
cob=(3)
cfi=(75) /build/glibc-ZN95T4/glibc-2.31/string/../sysdeps/x86_64/multiarch/memset.c
cfn=(244) memset
calls=1 29 
* 19
cob=(3)
cfi=(74) /build/glibc-ZN95T4/glibc-2.31/string/../sysdeps/x86_64/multiarch/strcmp.c
cfn=(242) strcmp
calls=1 53 
* 9
cob=(3)
cfi=(73) /build/glibc-ZN95T4/glibc-2.31/string/../sysdeps/x86_64/multiarch/strncmp.c
cfn=(240) strncmp
calls=1 54 
* 9
cob=(3)
cfi=(71) /build/glibc-ZN95T4/glibc-2.31/string/../sysdeps/x86_64/multiarch/memcmp.c
cfn=(236) bcmp
calls=1 29 
* 13
cob=(3)
cfi=(70) /build/glibc-ZN95T4/glibc-2.31/string/../sysdeps/x86_64/multiarch/mempcpy.c
cfn=(232) mempcpy
calls=1 33 
* 17
cob=(3)
cfi=(69) /build/glibc-ZN95T4/glibc-2.31/wcsmbs/../sysdeps/x86_64/multiarch/wcscmp.c
cfn=(230) wcscmp
calls=1 30 
* 10
cob=(3)
cfi=(68) /build/glibc-ZN95T4/glibc-2.31/wcsmbs/../sysdeps/x86_64/multiarch/wmemchr.c
cfn=(228) wmemchr
calls=2 31 
* 20
cob=(3)
cfi=(67) /build/glibc-ZN95T4/glibc-2.31/string/../sysdeps/x86_64/multiarch/rawmemchr.c
cfn=(226) rawmemchr
calls=1 31 
* 10
cob=(3)
cfi=(66) /build/glibc-ZN95T4/glibc-2.31/string/../sysdeps/x86_64/multiarch/strrchr.c
cfn=(224) rindex
calls=1 28 
* 10
cob=(3)
cfi=(65) /build/glibc-ZN95T4/glibc-2.31/string/../sysdeps/x86_64/multiarch/strcat.c
cfn=(222) strcat
calls=1 29 
* 9
cob=(3)
cfi=(64) /build/glibc-ZN95T4/glibc-2.31/string/../sysdeps/x86_64/multiarch/strcasecmp.c
cfn=(220) strcasecmp
calls=1 31 
* 6
cob=(3)
cfi=(63) /build/glibc-ZN95T4/glibc-2.31/string/../sysdeps/x86_64/multiarch/strncpy.c
cfn=(218) strncpy
calls=1 29 
* 9
cob=(3)
cfi=(61) /build/glibc-ZN95T4/glibc-2.31/string/../sysdeps/x86_64/multiarch/memmove.c
cfn=(214) memmove
calls=2 29 
* 34
-27 40
+28 40
fi=(4)
75 121
fe=(59)
255 32
+3 16
+24 4
+3 8
+17 12
+2 32
177 8
+3 3
fi=(4)
-96 6
-1 6
+3 6
-3 6
+3 6
+12 6
-12 6
+12 12
+10 8
+10 9
+3 10
+3 10
-73 3
-1 3
fi=(5)
491 9
fi=(4)
127 532
+9 266
+1 133
-1 266
+1 133
+2 133
-2 133
+2 266
-1 266
fi=(5)
276 266
+21 266
+4 266
+7 532
fi=(60)
126 348
fi=(5)
308 2017
fi=(4)
138 109
fi=(5)
308 109
fi=(4)
138 109
fi=(5)
308 109
fi=(4)
138 109
fi=(5)
308 218
fi=(4)
138 4
fi=(5)
308 4
fi=(4)
138 4
fi=(5)
308 4
fi=(4)
138 4
fi=(5)
308 1364
cfi=(6)
cfn=(206)
calls=113 841 
* 59313
* 678
+1 348
+24 792
457 336
+1 112
fi=(4)
124 399
+19 15
fi=(5)
429 51
+4 68
+5 17
+9 17
-9 34
+9 34
+50 12
+4 24
cfi=(20)
cfn=(48)
calls=4 127 
* 46
+2 12
+1 4
fi=(4)
111 11
+1 3
fi=(5)
536 3
fi=(4)
112 3
fi=(5)
536 6
fi=(4)
112 1225
fi=(5)
536 1225
fi=(4)
112 1225
fi=(5)
536 2450
+5 2456
+1 1228
fi=(4)
111 1228
fi=(5)
542 2456
fi=(4)
111 2456
+7 9
-67 1
160 5
+2 20
+9 15
-1 30
fi=(5)
276 10
+21 10
+4 10
+7 20
fi=(60)
126 15
fi=(5)
308 165
cfi=(6)
cfn=(206)
calls=5 841 
* 2526
* 35
+1 15
+24 64
-24 178
+3 127
-3 127
+3 254
+2 15
+3 6
+1 9
+1 6
+4 3
+7 3
cob=(3)
cfi=(74)
cfn=(242)
calls=1 53 
* 9
cob=(3)
cfi=(89)
cfn=(274)
calls=1 29 
* 10
cob=(3)
cfi=(63)
cfn=(218)
calls=1 29 
* 9
* 6
+3 6
-25 104
+1 440
fe=(59)
+1 20
+3 4
-3 4
+3 4
+4 8
+1 16
cfi=(53)
cfn=(170)
calls=4 78 
* 24
* 8
fi=(5)
124 8
-2 4
fe=(59)
255 6
fi=(5)
+53 39
457 15
+1 5
fi=(4)
160 16
+14 3
fi=(5)
309 1
+3 1
-3 1
+3 2
-3 4
-1 120
fe=(59)

fl=(8)
fn=(26)
368 20
+3 120
+9 20
-9 74
+9 3
+17 100
+2 20
-9 17
+1 17

fn=(14)
287 9
-9 5
67 194
+6 63
-3 63
+3 5663
+4 126
+5 126
fi=(9) /build/glibc-ZN95T4/glibc-2.31/elf/dl-tunables.h
+37 63
fe=(8)
-37 252
fi=(9)
+38 42
-1 147
+1 42
-1 63
+1 126
fe=(8)
328 252
-12 8190
fi=(9)
119 3402
+1 1224
-1 837
+1 1224
fe=(8)
310 6552
70 63
-3 126
362 8

fl=(2)
fn=(34)
1090 2
+12 1
-12 10
+12 1
+4 2
-16 1
+22 1
-22 1
+16 1
+6 1
-6 1
2533 1
+7 1
1106 1
2535 1
-2 1
+7 3
1106 1
2540 1
-4 1
+4 1
+2 4
cfi=(16)
cfn=(36)
calls=1 28 
* 53
* 4
cfi=(16)
cfn=(36)
calls=2 28 
* 364
* 9
+4 6
-2 2
+2 42
+1 19
-1 57
+9 12
2704 3
+32 3
1122 3
2631 3
+1 3
-56 2
+7 2
1330 7
cfi=(17)
cfn=(38)
calls=1 59 
* 231
* 1
+2 2
+1 1
+1 1
+5 2
-5 1
+1 2
+4 1
cfi=(17)
cfn=(50)
calls=1 31 
* 35
+1 2
1099 1
1369 1
-5 1
-2 1
+4 1
+3 1
-5 1
+5 5
+56 1
1096 1
1425 1
-15 2
-22 1
+22 1
+15 3
-55 104
fi=(21)
142 3
+1 1
+1 2
+1 1
fe=(2)
1369 24
1478 7
+3 2
+2 2
+2 3
+13 3
+3 2
-2 1
+2 1
-2 2
cfi=(22)
cfn=(58)
calls=1 111 
* 25
* 2
+7 1
+3 1
-5 1
+3 1
+2 1
+1 2
+4 2
+2 2
fi=(3)
33 1
+9 2
+6 1
-2 1
+2 2
+15 1
+5 1
+4 1
-1 1
-2 1
-5 2
-1 24
+1 15
-16 5
+26 5
-26 10
+2 52
+23 21
-25 21
+26 21
-26 42
+33 3
+20 3
+1 4
+1 4
+1 4
+2 4
+5 4
+1 4
+1 4
+5 3
+5 2
+7 2
+1 3
+18 3
+5 2
+2 2
+2 2
+2 2
+3 3
+2 3
+1 2
+9 2
+5 2
+3 2
fe=(2)
1521 2
cfi=(6)
cfn=(10)
calls=1 961 
* 24
+3 2
fi=(23) /build/glibc-ZN95T4/glibc-2.31/elf/./setup-vdso.h
24 2
fi=(21)
+35 6
190 2
67 2
189 1
67 1
189 1
64 1
+3 1
-2 1
+2 3
+70 5
-1 1
-69 4
+3 4
+1 2
+1 2
+4 3
+4 3
+3 3
+1 2
+4 1
+1 3
+11 1
+1 4
+5 2
-12 2
-1 1
+1 2
+3 2
fe=(2)
1398 1
-9 1
+27 1
-27 1
+2 1
-3 1
+10 2
-19 2
-10 1
+10 1
-10 2
+56 8
-1 4
+1 4
-1 4
+2 8
+1 1
+3 2
+1 2
-1 6
+1 6
+1 4
+1 10
+1 1
-65 3
+5 2
-5 1
+5 1
-5 2
+1 14
+95 2
-96 1
+96 2
-96 3
fi=(24) /build/glibc-ZN95T4/glibc-2.31/elf/../sysdeps/unix/sysv/linux/dl-vdso.h
40 1
+1 2
fi=(25) /build/glibc-ZN95T4/glibc-2.31/elf/../sysdeps/unix/sysv/linux/dl-vdso-setup.h
+4 1
fe=(2)
1549 2
cfi=(10)
cfn=(68)
calls=1 46 
* 80
* 8
fi=(3)
65 5
fe=(2)
1461 1
-92 1
+92 1
-92 2
fi=(3)
68 4
+3 4
+1 4
fe=(2)
1554 2
cfi=(27)
cfn=(72)
calls=1 681 
* 1823
+3 3
cfi=(33)
cfn=(96)
calls=1 46 
* 18
+7 1
-7 1
+2 1
+5 1
+4 1
+3 1
-3 3
+1 2
+3 1
+5 1
-7 1
+7 1
+18 2
+1 2
+5 1
-3 2
+2 1
+1 2
+5 3
+1 5
-1 2
+15 3
+1 1
-2 1
+2 3
+18 1
cfi=(34)
cfn=(98)
calls=1 108 
* 6
* 1
+8 3
+3 2
+4 3
+5 2
+1 1
cfi=(33)
cfn=(100)
calls=1 73 
* 2
+1 1
+4 3
+16 3
+2 1
+2 2
+8 2
+15 3
cfi=(47)
cfn=(146)
calls=1 25 
* 9
* 2
+76 4
66 1
1805 1
66 2
1805 1
66 1
1805 6
cfi=(48)
cfn=(148)
calls=1 159 
* 7818
73 1
1810 1
73 2
+9 2
1810 2
+1 5
-1 4
+1 6
-1 12
+4 3
+1 3
+1 1
+2 3
+1 4
-1 6
+1 12
+12 1
+1 1
-1 2
+1 2
+2 1
+2 3
+2 1
-4 1
+5 1
-1 2
+14 2
+1 2
+1 3
1609 2
+6 1
-6 2
+6 1
-37 6
fi=(3)
181 3
-20 2
fe=(2)
1567 4
1865 1
+1 1
-1 1
+2 4
-2 3
+2 1
cfi=(36)
cfn=(180)
calls=1 238 
* 2655
+10 1
+1 1
-1 1
+1 1
+3 2
817 1
fi=(165) /build/glibc-ZN95T4/glibc-2.31/elf/../sysdeps/unix/sysv/linux/dl-osinfo.h
64 2
fe=(2)
819 1
fi=(165)
77 1
fe=(2)
828 1
+7 1
-5 1
1886 3
2116 3
+60 1
+6 1
-10 1
+10 1
-6 1
+9 2
+8 1
fi=(21)
33 3
cfi=(58)
cfn=(194)
calls=1 343 
* 31
fe=(2)
2239 3
+3 1
66 2
2246 1
66 2
2247 16
+2 8
+5 8
+2 8
+6 4
+2 8
+1 24
cfi=(59)
cfn=(198)
calls=3 148 
* 86741
+4 10
+1 3
cfi=(34)
cfn=(298)
calls=1 887 
* 28
* 1
+13 4
+2 1
+7 3
cfi=(34)
cfn=(300)
calls=1 437 
* 132
+3 2
-37 1
+1 1
-3 2
73 3
+1 1
2278 1
74 1
2278 1
1829 5
2304 3
+2 2
+24 1
cfi=(7)
cfn=(302)
calls=1 258 
* 2
+4 3
+21 3
cfi=(33)
cfn=(96)
calls=1 46 
* 9
+1 1
-1 1
+2 1
cfi=(33)
cfn=(100)
calls=1 73 
* 2
+1 1
+4 1
cfi=(50)
cfn=(304)
calls=1 330 
* 17
+5 8
2583 4
+2 2
+1 1
+46 2
+2 2
+1 1
fi=(25)
30 5
+3 1
+3 1
+3 1
fi=(24)
+16 2
fe=(2)
+11 1
2319 1
+1 3
66 3
2320 2
cfi=(59)
cfn=(198)
calls=1 148 
* 6151
73 3
+9 3
fi=(21)
+31 2
+3 1
+4 1
fe=(2)
1879 1
cfn=(188) init_tls
calls=1 699 
* 573
* 2
66 1
1690 1
66 2
1690 1
66 1
1690 2
cfn=(102) handle_preload_list
calls=1 858 
* 3223
* 1
73 3
+9 3
1789 17
+1 1
-1 1
+4 3
+1 1
+1 2
+1 2
-7 2

fn=(188)
699 1
+2 1
+4 1
-4 1
+4 1
+11 1
-1 3
cob=(2)
cfi=(18)
cfn=(40)
calls=1 0 
* 38
-4 1
+15 1
-12 1
+6 1
-9 1
+11 1
+4 1
+2 3
-1 2
+3 12
+4 1
+2 1
-2 1
-5 3
-1 2
+10 2
+3 1
cfi=(34)
cfn=(190)
calls=1 135 
* 70
+7 1
cfi=(34)
cfn=(192)
calls=1 332 
* 394
* 1
+1 2
+6 1
+3 1
-3 1
+3 6
+6 1
-3 1
+3 2
-35 3
-1 7

fn=(2)
463 10
66 3
fi=(5)
-7 1
fe=(2)
+7 1
fi=(3)
-18 1
fi=(5)
+11 2
fe=(2)
507 1
-3 1
fi=(3)
48 2
+15 1
+5 1
+3 1
+1 1
+1 1
-4 1
-2 1
-3 2
-1 20
+1 12
-16 4
+26 4
-26 8
+2 36
+23 13
-25 13
+26 13
-26 27
+26 1
-26 2
+33 2
+20 4
+1 4
+1 4
+1 4
+2 4
+5 4
+1 4
+1 4
+5 3
+5 2
+7 3
+1 3
+8 3
+3 3
+4 2
+1 2
fe=(2)
518 2
+7 1
66 1
430 1
66 3
430 1
cfi=(6)
cfn=(10)
calls=1 961 
* 24
+1 1
+18 2
-18 1
+1 2
+1 2
+1 2
+9 1
+6 1
cfi=(7)
cfn=(12)
calls=1 89 
* 141254
* 1
+2 2
+99 9
fi=(3)
65 5
+3 4
fe=(2)
523 25
fi=(4)
84 1
-1 1
+28 3
+1 2
fi=(5)
541 2
fi=(4)
112 82
fi=(5)
541 82
+1 42
fi=(4)
111 42
fi=(5)
542 84
fi=(4)
111 84
+5 2
fi=(5)
421 1
fi=(4)
124 2
fi=(5)
333 18
fi=(4)
124 27
+12 9
+3 9
-3 9
fi=(5)
301 9
fi=(4)
139 9
-3 9
+1 18
fi=(5)
301 18
+8 90
+3 18
+21 45
fi=(3)
71 4
+1 3
+1 2
fi=(5)
353 18
+1 9
fe=(2)

fn=(52)
801 5
+1 5
+1 5

fn=(116)
606 2
+2 1
-2 1
+2 1
+1 2
-1 2
+1 3
cfi=(27)
cfn=(118)
calls=1 1927 
* 2754
* 1
+2 2

fn=(182)
639 3
+2 4
cfi=(57)
cfn=(184)
calls=1 362 
* 2627
* 2
+4 2

fn=(54)
807 5
+1 5
+1 5

fn=(102)
858 10
+5 5
-4 1
+10 2
-3 3
cfi=(35) /build/glibc-ZN95T4/glibc-2.31/string/../sysdeps/x86_64/strcspn.S
cfn=(104) strcspn
calls=1 28 
* 273
* 1
+1 3
+9 1
168 1
878 2
168 2
880 2
780 2
-10 1
+8 1
+2 2
-6 1
+6 1
-5 1
+1 1
+4 1
cob=(2)
cfi=(18)
cfn=(106) 0x00000000040010f0
calls=1 0 
* 2855
+1 3
+8 4
+74 2
+21 9
-15 4
cfi=(20)
cfn=(48)
calls=1 127 
* 27
+1 2

fl=(19)
fn=(94) free
109 3
+2 12

fn=(84)
262 2
+3 4
+2 2
+1 4
+4 33
+7 84
-2 56
+13 1
+4 4
-22 14
+15 14
-15 30

fn=(42) calloc
92 16
+4 8
+4 8
-1 16
+1 16
+3 8
cob=(2)
cfi=(18)
cfn=(44)
calls=8 0 
* 262

fn=(46) malloc
49 110
+1 88
+11 44
+3 22
-3 22
+3 128
+18 22
+1 22
+2 88
-16 4
+1 2
+2 1
+1 7
cfi=(43)
cfn=(136)
calls=1 -25 
* 20
* 1
+2 2
+2 2
+2 4
-23 1
-1 1
+1 1
+1 2
-2 2

fl=(20)
fn=(78)
114 26
+1 26
+1 26
+1 26
+17 26
+1 26
+1 4
+1 4
+5 3
+1 3
+1 3
+1 3
+5 3
280 22
+1 22
+1 8
+1 8
+1 3
+1 3
+1 1
+4 1
+22 14
+1 14
+1 14
+1 14
+1 14
+3 5
+1 5
+1 5
+1 5
+1 5
+3 2
+1 2
+1 2
+1 2
+1 2
+10 1
+1 1
+1 1
+1 1
+2 1
+1 1
+1 1
+1 1
+1 1
+1 1
+1 1
+1 1
+1 1
+1 1
+1 1
+1 1
+1 1
+1 1
+1 1
+1 1
+2 1

fn=(48)
127 18
+1 18
+6 18
+1 18
+1 8
+1 8
+5 5
+1 5
+1 5
+1 5
+5 5
280 10
+1 10
+1 2
+1 2
+1 1
+1 1
+1 1
+1 1
+1 1
+2 1
+22 8
+1 8
+1 8
+1 8
+1 8
+3 1
+1 1
+1 1
+1 1
+1 1
+17 3
+1 3
+1 3
+1 3
+2 3
+1 3
+1 3
+1 3
+1 3
+1 3
+1 3
+1 3
+1 3
+1 3
+1 3
+1 3
+1 3
+1 3
+1 3
+1 3
+2 3

fl=(28)
fn=(74)
42 6
+1 1
-1 5
+1 1
-1 1
+1 1
-1 1
+1 2
-1 1
+1 1
cfi=(8)
cfn=(26)
calls=1 368 
* 20
* 1
+2 1
+1 2
-1 1
+1 1
+9 1
-12 1
+12 4
+1 6
+1 1
-1 2
-1 12
+10 3
193 3
+2 1
+1 2
+1 4
+3 1
+1 1
-1 1
+4 2
+3 5
+4 7
+1 2
+2 2
+1 2
+1 2
-1 1
+1 1
-1 2
+9 2
+6 10
+1 2
-1 1
+1 2
cob=(2)
cfi=(18)
cfn=(44)
calls=1 0 
* 27
+1 4
-1 1
+1 1
+31 10
+3 4
+7 3
+10 9
-4 2
-3 1
+3 1
cfi=(20)
cfn=(78)
calls=1 114 
* 17
* 2
-3 1
+3 1
cfi=(20)
cfn=(78)
calls=1 114 
* 17
+3 2
-3 6
+3 4
+1 12
+1 5
cfi=(20)
cfn=(78)
calls=1 114 
* 15
* 2
-2 2
+5 6
cfi=(20)
cfn=(78)
calls=2 114 
* 30
* 4
+2 6
-7 3
+13 1
-1 1
+1 2
-1 2
+1 7
-1 7
+1 14
-1 18
+5 9
+4 4
-4 12
+4 44
+1 24
-1 24
+1 24
-1 24
-1 24
+4 9
+3 1
+2 2
-1 1
-1 1
+2 1
-2 1
+2 3
-1 1
+1 2
+2 6
+1 2
+3 2
-6 5
+13 7
+1 1
-1 2
+3 2
-3 3
+1 3
-1 6
+3 6
+3 3
+3 9
148 7
+1 1
-1 2
+37 3
+5 2
-5 1
+5 5
-4 10
fi=(29) /build/glibc-ZN95T4/glibc-2.31/elf/../sysdeps/x86/dl-hwcap.h
57 6
fe=(28)
188 1
+1 1
cfi=(14)
cfn=(30)
calls=1 41 
* 17
+1 5
-5 1
+4 1
+1 1
-5 5
-37 10
+37 2
316 1
+1 2
-6 6
-94 4
-2 3

fl=(43)
fn=(136)
48 11
+3 22
-3 44
+6 22
+5 66
+2 33
-7 8

fl=(35)
fn=(104)
28 1
+2 1
+7 1
+1 1
+2 1
+1 1
+1 1
+1 1
+1 33
+3 3
+7 1
+1 1
+1 1
+1 1
+2 1
+1 1
+1 1
+1 1
+2 1
+1 1
+1 1
+9 3
+12 1
+2 1
+1 1
+1 1
-4 16
+2 16
+1 16
+1 16
+2 16
+1 16
+1 16
+2 16
+1 16
+1 16
+2 16
+1 16
+1 16
+6 1
+7 1
+4 1

ob=(2)
fl=(18)
fn=(386) 0x0000000004887460
0 904
cob=(3)
cfi=(120) /build/glibc-ZN95T4/glibc-2.31/string/../sysdeps/x86_64/multiarch/strlen-avx2.S
cfn=(388) __strlen_avx2
calls=452 42 
0 7460

fn=(390) 0x0000000004887470
0 4
cob=(3)
cfi=(121) /build/glibc-ZN95T4/glibc-2.31/string/../sysdeps/x86_64/multiarch/strchr-avx2.S
cfn=(392) __strchr_avx2
calls=2 44 
0 48

fn=(426) 0x0000000004887450
0 24
cob=(1)
cfi=(8)
cfn=(26)
calls=11 368 
0 218
cob=(1)
cfi=(127)
cfn=(416)
calls=1 67 
0 780
0 5

fn=(504) 0x00000000048874d0
0 10944
cob=(3)
cfi=(146) /build/glibc-ZN95T4/glibc-2.31/string/../sysdeps/x86_64/multiarch/memmove-vec-unaligned-erms.S
cfn=(506) __memcpy_avx_unaligned_erms
calls=5472 225 
0 141401

fn=(526)
0 526
cob=(3)
cfi=(123) /build/glibc-ZN95T4/glibc-2.31/malloc/malloc.c
cfn=(528) realloc
calls=263 3131 
0 130791

fn=(44)
0 44
cob=(1)
cfi=(19)
cfn=(46)
calls=22 49 
0 596

fn=(92)
0 6
cob=(1)
cfi=(19)
cfn=(94)
calls=3 109 
0 15

fn=(500) 0x0000000004887420
0 10898
cob=(3)
cfi=(145) /build/glibc-ZN95T4/glibc-2.31/string/../sysdeps/x86_64/multiarch/memchr-avx2.S
cfn=(502) __memchr_avx2
calls=5449 40 
0 122065

fn=(602)
0 450
cob=(3)
cfi=(153) /build/glibc-ZN95T4/glibc-2.31/stdio-common/printf.c
cfn=(604) printf
calls=225 28 
0 183270

fn=(328) 0x00000000048875e0
0 2
cob=(3)
cfi=(105) /build/glibc-ZN95T4/glibc-2.31/string/../sysdeps/x86_64/multiarch/strrchr-avx2.S
cfn=(330) __strrchr_avx2
calls=1 42 
0 28

fn=(376)
0 4
cob=(3)
cfi=(117) /build/glibc-ZN95T4/glibc-2.31/posix/getopt1.c
cfn=(378) getopt_long
calls=2 30 
0 744

fn=(398) 0x0000000004887310
0 6
cob=(3)
cfi=(123)
cfn=(400) malloc
calls=3 3023 
0 75117

fn=(410) 0x0000000004887510
0 2
cob=(1)
cfi=(127)
cfn=(416)
calls=1 67 
0 863
0 5

fn=(542)
0 526
cob=(3)
cfi=(123)
cfn=(544) free
calls=263 3087 
0 24198

fn=(110)
0 6
cob=(1)
cfi=(36)
cfn=(112)
calls=3 175 
0 9164

fn=(314)
0 7

fn=(608) 0x0000000004887390
0 1350
cob=(3)
cfi=(121)
cfn=(610) __strchrnul_avx2
calls=675 44 
0 15525

fn=(616) 0x00000000048875a0
0 1318
cob=(3)
cfi=(146)
cfn=(618) __mempcpy_avx_unaligned_erms
calls=659 212 
0 11638

fn=(358)
0 7

fn=(394)
0 2
cob=(3)
cfi=(122) /build/glibc-ZN95T4/glibc-2.31/libio/iofopen.c
cfn=(396) fopen@@GLIBC_2.2.5
calls=1 85 
0 75281

fn=(516)
0 32490
cob=(3)
cfi=(147) /build/glibc-ZN95T4/glibc-2.31/stdlib/../stdlib/strtol.c
cfn=(518) strtol
calls=16245 105 
0 2178201

fn=(522)
0 900
cob=(3)
cfi=(149) /build/glibc-ZN95T4/glibc-2.31/string/../sysdeps/x86_64/multiarch/strcpy-avx2.S
cfn=(524) __strncpy_avx2
calls=450 50 
0 20475

fn=(576)
0 2
cob=(3)
cfi=(151) /build/glibc-ZN95T4/glibc-2.31/libio/ioputs.c
cfn=(578) puts
calls=1 33 
0 1174

fn=(620)
0 2
cob=(3)
cfi=(157) /build/glibc-ZN95T4/glibc-2.31/libio/putchar.c
cfn=(622) putchar
calls=1 25 
0 218

fn=(686)
0 4

fn=(468)
0 10876
cob=(3)
cfi=(139) /build/glibc-ZN95T4/glibc-2.31/libio/iofgets.c
cfn=(470) fgets
calls=5438 32 
0 968270

fn=(510)
0 10874
cob=(3)
cfi=(120)
cfn=(388)
calls=5437 42 
0 87240

fn=(668)
0 4

fn=(40)
0 16
cob=(1)
cfi=(19)
cfn=(42)
calls=8 92 
0 334

fn=(466)
0 14
cob=(3)
cfi=(123)
cfn=(400)
calls=7 3023 
0 1247

fn=(548)
0 523410
cob=(3)
cfi=(150) /build/glibc-ZN95T4/glibc-2.31/libio/iofflush.c
cfn=(550) fflush
calls=261705 32 
0 64117725

fn=(650)
0 2
cob=(3)
cfi=(161) /build/glibc-ZN95T4/glibc-2.31/stdlib/cxa_finalize.c
cfn=(652) __cxa_finalize
calls=1 30 
0 75

fn=(676)
0 2
cob=(3)
cfi=(161)
cfn=(652)
calls=1 30 
0 75

fn=(106)
0 2
cob=(1)
cfi=(36)
cfn=(108)
calls=1 225 
0 2853

ob=(3)
fl=(94)
fn=(284)
29 1
fi=(166) /build/glibc-ZN95T4/glibc-2.31/string/../sysdeps/x86_64/multiarch/ifunc-sse4_2.h
+1 5
fe=(94)
-1 1

fl=(92)
fn=(280)
29 1
fi=(167) /build/glibc-ZN95T4/glibc-2.31/string/../sysdeps/x86_64/multiarch/ifunc-avx2.h
+3 3
-2 5
fe=(92)
-1 1

fl=(66)
fn=(224)
28 1
fi=(167)
+4 3
-2 5
fe=(66)
-2 1

fl=(144) /build/glibc-ZN95T4/glibc-2.31/io/../sysdeps/unix/sysv/linux/read.c
fn=(498) read
25 17
+1 102
+1 17

fl=(149)
fn=(524)
50 450
+2 450
+1 450
+1 450
+2 450
+2 450
+5 450
+2 450
+1 450
+1 450
+2 450
+1 450
+2 450
+1 450
+1 450
+8 450
+1 450
+1 450
+2 450
+2 225
+1 225
346 225
+2 225
+2 225
+1 225
+1 225
+1 225
+1 225
+1 225
+1 225
+1 225
493 225
+1 225
+1 225
+1 225
+1 225
+29 225
+1 225
+65 225
+1 225
+1 225
+1 225
+5 225
+1 225
+1 225
+1 225
707 225
+1 225
+1 225
+1 225
+7 225
+1 225
821 225
+1 225
+1 225
+1 225
+19 225
+1 225
+1 225
+43 225
+2 225
+1 225
+92 225
+1 225
+1 225
+1 225
+1 225
+1 225
+1 225
+1 225
+1 225
+1 225

fl=(99)
fn=(294)
31 1
fi=(167)
+1 3
-2 5
fe=(99)
+1 1

fl=(80)
fn=(254)
31 1
fi=(168) /build/glibc-ZN95T4/glibc-2.31/string/../sysdeps/x86_64/multiarch/ifunc-strcasecmp.h
+1 4
fe=(80)
-1 1

fl=(158) /build/glibc-ZN95T4/glibc-2.31/stdlib/exit.c
fn=(636) __run_exit_handlers
40 11
+5 3
+11 3
fi=(113) /build/glibc-ZN95T4/glibc-2.31/stdlib/../sysdeps/unix/sysv/linux/x86/lowlevellock.h
-9 1
fe=(158)
+9 3
fi=(113)
-9 1
fe=(158)
+9 2
fi=(113)
-9 2
fe=(158)
+12 2
+2 5
+51 1
fi=(113)
-65 1
fe=(158)
+65 2
fi=(113)
-65 1
fe=(158)
+67 2
-44 6
+2 1
+1 1
-1 1
+4 4
+1 8
+29 1
+2 1
-5 1
+5 1
-2 2
+2 1
cob=(1)
cfi=(160)
cfn=(642)
calls=1 -78 
* 740
+1 1
+11 2
+1 2
+5 5
-61 1
+1 4
+63 2
+1 10
cfi=(134) /build/glibc-ZN95T4/glibc-2.31/libio/genops.c
cfn=(688) _IO_cleanup
calls=1 863 
* 515
* 3
+2 2
cfi=(164) /build/glibc-ZN95T4/glibc-2.31/posix/../sysdeps/unix/sysv/linux/_exit.c
cfn=(700) _Exit
calls=1 27 
* 6
-86 1
cfi=(159) /build/glibc-ZN95T4/glibc-2.31/stdlib/cxa_thread_atexit_impl.c
cfn=(638) __call_tls_dtors
calls=1 +99 
* 12
* 1

fn=(634) exit
138 3
+1 3
-1 1
+1 1
cfn=(636)
calls=1 -99 
* 1375

fl=(90)
fn=(276)
29 1
fi=(167)
+3 3
-2 5
fe=(90)
-1 1

fl=(152) /build/glibc-ZN95T4/glibc-2.31/io/../sysdeps/unix/sysv/linux/write.c
fn=(596) write
25 3
+1 21
+1 3

fl=(106) /build/glibc-ZN95T4/glibc-2.31/ctype/ctype-info.c
fn=(332) __ctype_init
29 1
+2 7
+2 4
+2 4
+1 1

fl=(161)
fn=(652)
30 18
+3 2
fi=(113)
+14 2
fe=(161)
-14 4
fi=(113)
+14 4
+4 2
fe=(161)
-15 6
+4 14
-4 6
+58 8
+4 12
-4 6
+12 4
+1 4
cfi=(162) /build/glibc-ZN95T4/glibc-2.31/nptl/register-atfork.c
cfn=(656) __unregister_atfork
calls=2 -28 
* 34
+2 8
+1 16

fl=(100)
fn=(296)
31 1
fi=(168)
+1 4
fe=(100)
-1 1

fl=(63)
fn=(218)
29 2
fi=(169) /build/glibc-ZN95T4/glibc-2.31/string/../sysdeps/x86_64/multiarch/ifunc-strcpy.h
+7 6
-2 2
+2 2
-2 4
fe=(63)
-5 2

fl=(125) /build/glibc-ZN95T4/glibc-2.31/malloc/arena.c
fn=(406) ptmalloc_init.part.0
289 5
+13 1
-8 1
+8 1
+6 4
fi=(123)
1795 3
+3 4
-3 2
+3 504
-3 252
+11 1
fe=(125)
313 2
fi=(123)
1807 1
+2 1
fe=(125)
313 3
cob=(2)
cfi=(18)
cfn=(426)
calls=1 0 
* 787
+1 4
cob=(2)
cfi=(18)
cfn=(426)
calls=1 0 
* 22
+1 4
cob=(2)
cfi=(18)
cfn=(426)
calls=1 0 
* 21
+1 4
cob=(2)
cfi=(18)
cfn=(426)
calls=1 0 
* 22
+1 4
cob=(2)
cfi=(18)
cfn=(426)
calls=1 0 
* 22
+1 4
cob=(2)
cfi=(18)
cfn=(426)
calls=1 0 
* 21
+1 4
cob=(2)
cfi=(18)
cfn=(426)
calls=1 0 
* 22
+1 4
cob=(2)
cfi=(18)
cfn=(426)
calls=1 0 
* 22
+2 4
cob=(2)
cfi=(18)
cfn=(426)
calls=1 0 
* 22
+1 4
cob=(2)
cfi=(18)
cfn=(426)
calls=1 0 
* 22
+1 4
cob=(2)
cfi=(18)
cfn=(426)
calls=1 0 
* 22
+3 4
cob=(2)
cfi=(18)
cfn=(426)
calls=1 0 
* 22
+69 2
+1 2
+3 1
+1 6
-98 5
cfi=(126) /build/glibc-ZN95T4/glibc-2.31/elf/dl-addr.c
cfn=(408) _dl_addr
calls=1 126 
* 72325
* 2
+1 4

fl=(140) /build/glibc-ZN95T4/glibc-2.31/libio/iogetline.c
fn=(472) _IO_getline
33 5438
+1 10876
cfn=(474) _IO_getline_info
calls=5438 +15 
* 560426

fn=(474)
49 76132
+2 10876
+2 16314
+2 21752
+28 5449
+2 27245
cob=(2)
cfi=(18)
cfn=(500)
calls=5449 -85 
* 132963
* 5449
+1 10898
+14 36
+3 12
-3 12
cob=(2)
cfi=(18)
cfn=(504)
calls=12 0 
* 203
+2 12
-1 12
-46 24
+2 16398
+1 10932
+2 34
cfi=(134)
cfn=(476) __uflow
calls=17 299 
* 3048
+1 34
+6 32
+11 16
-1 32
-22 32
+52 8
-18 5437
+1 5437
-2 10874
+1 5437
+1 10874
+2 5437
+2 10874
+2 27185
cob=(2)
cfi=(18)
cfn=(504)
calls=5437 -96 
* 81102
+1 5437
+1 5437
-1 5437
+10 43496
-44 5
-9 2

fl=(77)
fn=(248)
31 2
fi=(170) /build/glibc-ZN95T4/glibc-2.31/wcsmbs/../sysdeps/x86_64/multiarch/ifunc-avx2.h
+1 6
-2 10
fe=(77)
+1 2

fl=(87)
fn=(270)
29 1
fi=(166)
+1 5
fe=(87)
-1 1

fl=(91)
fn=(278)
31 1
fi=(168)
+1 4
fe=(91)
-1 1

fl=(141) /build/glibc-ZN95T4/glibc-2.31/libio/filedoalloc.c
fn=(484) _IO_file_doallocate
78 18
+6 8
fi=(143) /build/glibc-ZN95T4/glibc-2.31/libio/libioP.h
941 6
+2 4
+1 4
fe=(141)
84 6
cfi=(135) /build/glibc-ZN95T4/glibc-2.31/libio/fileops.c
cfn=(486) _IO_file_stat
calls=2 1147 
* 32
* 4
+2 8
+11 8
+4 4
cob=(2)
cfi=(18)
cfn=(398)
calls=2 0 
* 231
* 2
+1 4
+2 8
cfi=(134)
cfn=(490) _IO_setb
calls=2 329 
* 50
+1 2
+1 16
-15 1
fi=(171) /build/glibc-ZN95T4/glibc-2.31/libio/../include/sys/sysmacros.h
-44 6
fe=(141)
+44 1
-2 2
+5 2

fl=(154) /build/glibc-ZN95T4/glibc-2.31/stdio-common/vfprintf-internal.c
fn=(606) __vfprintf_internal
1289 3600
+31 675
+8 675
+4 1125
+11 675
+11 450
fi=(172) /build/glibc-ZN95T4/glibc-2.31/stdio-common/printf-parse.h
111 450
fe=(154)
1354 450
fi=(172)
111 225
cob=(2)
cfi=(18)
cfn=(608)
calls=225 0 
* 5625
fe=(154)
1369 450
fi=(172)
111 225
fe=(154)
1369 225
fi=(156) /build/glibc-ZN95T4/glibc-2.31/stdio-common/../libio/libioP.h
941 225
fe=(154)
1373 225
fi=(156)
941 450
+2 225
-2 450
+2 450
+1 450
fe=(154)
1373 1350
cfi=(135)
cfn=(582) _IO_file_xsputn@@GLIBC_2.2.5
calls=225 1198 
* 4500
* 900
+4 225
-4 225
+4 450
+4 1800
-57 225
1687 225
1358 225
-8 225
1687 2025
1423 3150
-3 450
-5 450
+8 450
-11 900
-1 450
+12 450
-13 450
+13 450
-14 450
-1 1350
-1 450
-1 900
-1 450
-1 450
-1 450
-1 450
+17 450
-3 450
+4 900
-92 450
1741 1575
+1 675
+3 2700
1369 1575
+1 1575
fi=(155) /build/glibc-ZN95T4/glibc-2.31/stdio-common/../sysdeps/unix/sysv/linux/x86/lowlevellock.h
47 450
fe=(154)
1370 900
1741 1350
-36 450
+2 900
+8 450
fi=(172)
111 2250
cob=(2)
cfi=(18)
cfn=(608)
calls=450 0 
* 11250
fe=(154)
1719 900
fi=(172)
111 450
fe=(154)
1719 1350
fi=(156)
943 900
+1 900
fe=(154)
1719 3150
cfi=(135)
cfn=(582)
calls=450 1198 
* 21375
* 4050
+2 1575
-33 12555
fi=(156)
943 870
+1 1305
fe=(154)
1688 2175
cfi=(135)
cfn=(582)
calls=435 1198 
* 38056
* 4965
fi=(156)
943 30
+1 45
fe=(154)
1688 90
cfi=(135)
cfn=(582)
calls=15 1198 
* 300
* 2505
cob=(2)
cfi=(18)
cfn=(386)
calls=450 0 
* 8324
* 450

fl=(115) /build/glibc-ZN95T4/glibc-2.31/setjmp/../sysdeps/x86_64/setjmp.S
fn=(370) __sigsetjmp
30 1
+2 1
+9 1
+1 2
+1 1
+4 1
+1 1
+1 1
+1 1
+1 1
+2 2
+2 1
+1 1
+1 1
+2 2
+2 1
+5 1
+1 1
+17 1
cfi=(116) /build/glibc-ZN95T4/glibc-2.31/setjmp/sigjmp.c
cfn=(372) __sigjmp_save
calls=1 -56 
* 9

fl=(70)
fn=(232)
33 1
fi=(62) /build/glibc-ZN95T4/glibc-2.31/string/../sysdeps/x86_64/multiarch/ifunc-memmove.h
+12 3
-1 2
+5 2
-1 2
+12 2
+2 5
fe=(70)

fl=(124) /build/glibc-ZN95T4/glibc-2.31/malloc/hooks.c
fn=(402) malloc_hook_ini
29 2
fi=(125)
291 1
fe=(124)
29 3
+1 2
fi=(125)
291 3
cfn=(406)
calls=1 -2 
* 74203
* 1
fi=(123)
3032 2
1208 2
+2 4
3044 4
+12 3
+2 3
cfn=(436) _int_malloc
calls=1 1208 
* 136
* 1
+1 7
fe=(124)
33 5
fi=(123)
1210 4
2978 4
cfn=(432) tcache_init.part.0
calls=1 +3 
* 476
+69 2
+1 5
+1 3
fe=(124)

fn=(530) realloc_hook_ini
37 10
+1 1
+1 1
-1 1
fi=(125)
291 1
fe=(124)
39 1
fi=(125)
291 2
fi=(123)
3143 2
+7 2
+6 1
-2 1
+5 1
-3 2
+2 2
+4 3
+1 3
+9 4
+1 2
1208 2
+2 6
3183 2
fe=(124)
42 10
fi=(123)
3139 2
+85 3
+2 4
cfn=(534) _int_realloc
calls=1 4540 
* 53
* 1
+1 10
fe=(124)

fl=(112) /build/glibc-ZN95T4/glibc-2.31/stdlib/cxa_atexit.c
fn=(354) __new_exitfn
82 1
+6 2
-6 4
+11 4
-10 2
+12 4
-2 1
+10 1
-10 3
+45 1
+5 1
-4 1
+4 4
-18 1
-1 1
+1 1

fn=(350) __cxa_atexit
69 6
-28 3
+2 1
fi=(113)
+4 1
fe=(112)
-4 2
fi=(113)
+4 2
fe=(112)
-3 2
cfn=(354)
calls=1 +38 
* 32
+2 2
+10 1
-3 1
+5 1
-5 2
+3 1
-1 1
+1 1
+3 4
+12 5

fl=(118) /build/glibc-ZN95T4/glibc-2.31/posix/getopt.c
fn=(380) _getopt_internal
705 4
+3 6
+1 6
+2 10
cfn=(382) _getopt_internal_r
calls=2 473 
* 680
+4 2
+1 2
-1 2
+1 4
+1 6
+2 4
+1 4

fn=(382)
473 22
+1 2
+2 4
+5 2
-2 8
+2 10
-91 2
+1 1
+3 3
+5 2
+5 4
+79 5
+15 6
+2 6
+3 4
+24 10
409 1
+1 1
+77 3
+5 2
-5 3
+5 4
610 1
+1 1
-1 4
+1 3
cob=(2)
cfi=(18)
cfn=(390)
calls=1 0 
* 28
+3 5
+1 1
+2 5
+9 3
+27 2
+46 18
556 2
388 2
548 2
+1 1
+1 2
-42 6
+9 4
+1 3
-1 14
+2 4
+37 3
+10 2
+2 2
+22 2
+14 2
404 3
cfi=(119) /build/glibc-ZN95T4/glibc-2.31/stdlib/getenv.c
cfn=(384) getenv
calls=1 34 
* 435
* 3
511 4
+1 3
407 3
634 2

fl=(74)
fn=(242)
53 2
-12 6
-2 2
+2 2
-2 4
+14 2

fl=(148) /build/glibc-ZN95T4/glibc-2.31/stdlib/../stdlib/strtol_l.c
fn=(520) ____strtol_l_internal
226 48735
+54 16245
-54 48735
+19 16245
-19 64980
+26 32490
+31 64980
+9 108505
+1 11035
-1 33105
+2 32490
+5 32490
-1 5885
+6 11770
+4 32490
+10 22070
+10 44140
-82 22070
434 60385
+16 16245
+10 48735
-10 16245
+10 16245
+12 32490
-5 33079
+5 33079
+1 99237
-41 66158
+2 132316
+2 131667
+7 21620
+17 32430
+4 99237
+3 66158
+11 32490
+5 48735
+1 16245
+5 32490
325 22070
492 48735
-2 32490
+17 81225
+18 129960
310 10420
+15 10420
-23 10360
-1 10360
+1 20720
+26 15630
-82 5210
378 5210
-50 10420

fl=(82)
fn=(258)
29 1
fi=(62)
+16 3
-1 2
+5 2
-1 2
+12 2
+2 5
fe=(82)

fl=(122)
fn=(396)
85 6
-20 1
+20 2
-20 1
cob=(2)
cfi=(18)
cfn=(398)
calls=1 -65 
* 74892
+2 3
+3 1
+2 2
-2 1
+2 5
cfi=(134)
cfn=(446) _IO_no_init
calls=1 563 
* 53
+1 1
+1 1
-1 1
+1 1
cfi=(135)
cfn=(450) _IO_new_file_init_internal
calls=1 +33 
* 94
+1 5
cfi=(135)
cfn=(456) _IO_file_fopen@@GLIBC_2.2.5
calls=1 214 
* 200
* 2
-38 2
+50 7

fl=(132) /build/glibc-ZN95T4/glibc-2.31/misc/sbrk.c
fn=(442) sbrk
32 36
+8 12
-8 24
+8 69
+4 24
+4 15
+12 35
-19 2
cfi=(133) /build/glibc-ZN95T4/glibc-2.31/misc/../sysdeps/unix/sysv/linux/x86_64/brk.c
cfn=(444) brk
calls=1 -13 
* 11
* 4
+9 6
-2 12
+8 10
cfi=(133)
cfn=(444)
calls=5 -28 
* 55
* 10
+4 25

fl=(131) /build/glibc-ZN95T4/glibc-2.31/malloc/morecore.c
fn=(440) __default_morecore
46 24
+1 12
cfi=(132)
cfn=(442)
calls=12 -15 
* 350
+2 36
+3 24

fl=(133)
fn=(444)
28 6
+3 36
+2 12
+6 6
+1 6

fl=(65)
fn=(222)
29 1
fi=(169)
+7 3
-2 1
+2 1
-2 2
fe=(65)
-5 1

fl=(117)
fn=(378)
30 4
+1 6
cfi=(118)
cfn=(380)
calls=2 705 
* 730
+2 4

fl=(71)
fn=(236)
29 1
fi=(72) /build/glibc-ZN95T4/glibc-2.31/string/../sysdeps/x86_64/multiarch/ifunc-memcmp.h
+3 1
+1 3
-1 2
+2 3
+1 2
fe=(71)
-6 1

fl=(86)
fn=(268)
43 1
-6 5
+6 1

fl=(153)
fn=(604)
28 2925
+4 225
+1 450
-1 450
+1 225
-1 225
+1 225
-1 225
+1 225
-1 225
+1 225
cfi=(154)
cfn=(606)
calls=225 1289 
* 176520
+4 1125

fl=(164)
fn=(700)
27 3
+4 1
+2 2

fl=(103)
fn=(324)
52 4
+3 3
+14 1
+8 1
-10 1
+1 1
+1 1
+8 1
cfi=(104) /build/glibc-ZN95T4/glibc-2.31/misc/init-misc.c
cfn=(326) __init_misc
calls=1 -47 
* 55
+8 2
-5 1
cfi=(106)
cfn=(332)
calls=1 -51 
* 17
-18 1
-7 1
+7 4

fl=(138) /build/glibc-ZN95T4/glibc-2.31/string/../string/strstr.c
fn=(462) __GI_strstr
77 8
+5 1
-5 3
+5 2
+2 4
cob=(2)
cfi=(18)
cfn=(390)
calls=1 -84 
* 24
* 1
+1 2
+44 1
+32 12

fl=(108)
fn=(336)
488 8
+14 6
758 2
+2 1
+1 1
+2 1
-3 1
+5 1
-5 1
+4 3
+4 2
+3 2
+2 1
+1 1
+2 1
-3 1
+5 1
-5 1
+4 3
+9 1
+2 8
-2 1
+3 8
500 1
+4 1
-4 1
+4 1
cfn=(338) handle_intel.constprop.0
calls=1 259 
* 446
+2 1
-2 1
+2 1
cfn=(338)
calls=1 259 
* 487
+5 1
-5 1
+5 1
cfn=(338)
calls=1 259 
* 512
* 1
+8 2
-9 1
+20 1
+5 3
+4 2
+8 6
+3 4
+6 2
-6 9
+6 6
+3 26
+14 2
+4 1
+3 1
+1 1
-4 1
+3 1
-3 1
+3 1
+6 4
-39 6
691 4
+1 5
+4 2
+59 2
564 2
+4 1
+1 1
-1 2
+1 1
+23 2
+8 2
+2 1
-2 6
+2 4
-2 1
+4 1
+23 2
-25 2
+2 6
+2 6
+3 2
+1 8
+2 4
+3 2
+5 1
+2 2
+1 1
+1 1
-2 2
+1 1
+1 1
+27 2
+1 2
+2 1
-1 1
+1 1
-24 2
+3 1
+1 2
+3 1
+2 4
+1 1
+5 2

fn=(340) intel_check_word.isra.0
132 12
-4 36
+10 24
-10 6
+10 18
+2 60
+2 15
+2 30
+8 30
+51 24
+22 12
fi=(109) /build/glibc-ZN95T4/glibc-2.31/string/../bits/stdlib-bsearch.h
28 12
-1 12
+4 24
+1 12
fe=(108)
+87 24
fi=(109)
-88 18
+1 9
fe=(108)
+87 18
+3 81
fi=(109)
-93 192
+2 120
+1 60
fe=(108)
+87 120
+15 3
255 36
fi=(109)
37 15
-8 36
fe=(108)
164 9
+3 9
-6 13
+3 4
+9 4
+23 5
-32 15
+3 15
+4 14
+2 28
+2 14
+2 10
+4 3
+2 6
+2 3
+2 3
-1 3
-1 3
+2 6
-2 3
+3 9
-2 9
+2 6
-10 6
+1 2
-15 1
+7 2
+2 4

fn=(338)
259 21
+2 3
-2 9
+5 6
+8 6
+3 6
-2 3
+2 3
-5 6
+11 15
+5 6
+2 3
+1 3
-1 3
+5 18
cfn=(340)
calls=3 132 
* 960
+2 6
+3 21
cfn=(340)
calls=3 132 
* 308
+2 6
+19 33

fl=(147)
fn=(518)
105 16245
+1 64980
cfi=(148)
cfn=(520)
calls=16245 226 
* 2096976

fl=(150)
fn=(550)
32 261705
+1 523410
+1 261705
cfi=(134)
cfn=(552) _IO_flush_all
calls=261705 725 
* 63070905

fl=(123)
fn=(538) unlink_chunk.isra.0
1451 7
+2 35
+3 7
+1 7
+2 28
+3 7
+1 7
+1 35
+2 10
+1 15
+3 10
+14 5
+1 10
+3 14

fn=(400)
3023 235
+8 235
-8 940
+8 235
+1 470
1208 468
+2 936
3044 936
+3 468
+9 690
+2 690
cfn=(436)
calls=230 1208 
* 32660
* 230
+1 1610
+23 1170
1210 924
3048 233
+1 699
2936 4
+2 4
-2 4
+1 8
+1 4
+1 4
3051 4
-18 1
+49 3
-49 1
cfi=(124)
cfn=(402)
calls=1 29 
* 74876

fn=(436)
1208 510
3513 255
1210 255
3513 2040
1210 510
3553 6
+24 6
+61 242
+2 242
-2 242
+2 484
1210 504
3553 504
1637 504
3577 504
+58 46
+62 455
+1 39
3577 6
1210 6
3582 6
+2 6
-2 458
+2 458
+5 726
4147 3466
3637 726
+3 2662
+77 242
+1 242
-1 484
-1 484
+2 484
-1 13
+1 13
-1 26
-1 26
+2 26
-2 762
+6 508
+73 762
-67 762
-6 2
+73 3
-67 3
3892 8
-91 8
+91 16
-91 8
-74 8
+74 16
-42 48
-28 16
+1 8
+2 16
+1 24
+2 8
+1 32
+2 32
-10 8
+12 16
+1 16
+2 16
+11 20
+31 7
+1 7
+4 14
+29 10
+60 5
+2 10
-2 10
+2 5
+7 5
-9 15
+9 5
-7 5
+1 5
+1 5
+6 10
1868 6
3794 2
+1 2
-1 2
+1 4
+5 6
+1 4
+28 65
+1 15
+1 5
-1 5
+4 10
+66 15
3728 15
3917 504
+2 33
+3 11
-3 11
+3 22
+68 504
+1 252
+1 252
-1 252
+1 252
+1 504
+1 756
+5 506
+16 17
+2 34
-4 38
+8 2
+3 4
3697 4
3878 25
3757 4
+1 2
+5 3
-1 1
+1 2
+1 2
-1 1
+2 1
+1 3
+1 2
+6 1
+6 1
-6 7
+2 3
+1 1
1868 3
4003 753
+3 980
-3 732
+3 960
-3 480
+3 711
+97 250
+1 500
+2 500
+3 752
+17 6
-93 6
+3 4
+2 2
+3 4
-3 2
+3 4
cfn=(538)
calls=2 1451 
* 62
+3 8
+15 2
-5 2
+6 4
+3 8
+1 2
+1 2
+3 4
+1 1
+1 4
+2 4
+3 16
+2 6
+1 2
1868 2
4081 2
1868 4
4006 1
+2 4
+1 2
4114 248
-3 248
+1 496
+2 248
-1 248
+1 248
+2 248
+3 248
-5 1240
+2 248
1868 744
4141 8
cfn=(438) sysmalloc
calls=2 2255 
* 402
* 2
+1 4
1868 6

fn=(536) _int_free
4155 2838
+10 774
+6 1290
+1 516
+4 1032
+8 1290
-1 516
+1 516
+3 246
+6 492
+13 1230
+14 462
+11 876
+2 657
1875 657
4254 219
+1 219
+4 657
+2 657
+4 438
+2 219
+1 219
+18 874
4428 2838
4295 24
+3 12
+3 36
+7 12
-4 12
+4 24
+3 24
+5 36
+3 24
+1 24
+1 24
1875 36
4327 24
+1 3
+2 3
-1 3
+2 12
+2 6
cfn=(538)
calls=3 1451 
* 83
+3 24
+5 18
+4 7
+9 7
-1 7
+2 14
-1 2
-1 2
+2 4
+2 36
+2 18
+5 9
+1 9
+2 27
+1 9
+30 24
+20 36
2924 54
+4 27
-2 54
+1 27
+1 27
4209 27
4361 27
+38 9
+3 9
-23 3
+1 9
+1 6
-39 2
+1 2
-1 2
cfn=(538)
calls=2 1451 
* 52
+1 2
-30 36
-2 24
+93 15
+2 6
cfn=(540) systrim.isra.0.constprop.0
calls=3 2741 
* 468
* 3

fn=(544)
3087 526
+5 526
+1 526
+6 526
+5 232
-2 232
+2 464
+18 696
+2 696
+1 232
+1 232
-1 232
cfn=(536)
calls=232 4155 
* 19016
+1 62

fn=(528)
3131 2630
+7 526
+1 526
+4 524
3254 225
3151 225
3254 1350
3151 225
cfn=(400)
calls=225 3023 
* 42378
-1 524
+6 37
-2 37
+5 37
-3 74
+2 74
+4 111
+1 111
+9 148
+1 74
1208 74
+2 222
3183 74
+71 333
-30 111
+2 148
cfn=(534)
calls=37 4540 
* 79444
* 37
+1 370
-87 1
3254 7
3140 1
cfi=(124)
cfn=(530)
calls=1 37 
* 133

fn=(534)
4540 304
+11 152
+1 152
+6 114
+2 76
+1 114
+2 152
+3 76
+10 60
+12 46
+12 69
cfn=(436)
calls=23 1208 
* 3844
* 23
+1 46
+3 23
+6 46
+19 24
+2 16
+2 35
+1 5
+14 5
+1 45
-1 3
+1 297
-10 3
-1 3
+1 9
+1 3
+4 3
-5 3
+5 3
-5 6
+1 3
+3 3
+1 3
cfn=(536)
calls=3 4155 
* 453
* 3
-54 1
-1 2
+28 115
cob=(2)
cfi=(18)
cfn=(504)
calls=23 0 
* 71040
+1 92
cfn=(536)
calls=23 4155 
* 1829
+2 46
-43 7
+1 7
-2 14
+4 14
+4 7
-4 35
+1 7
-1 14
+2 14
-1 7
+1 14
+2 7

fn=(432)
2981 1
-9 1
+9 6
fi=(130) /build/glibc-ZN95T4/glibc-2.31/malloc/../sysdeps/unix/sysv/linux/x86/lowlevellock.h
47 2
fe=(123)
2982 3
cfn=(436)
calls=1 1208 
* 362
* 1
+1 2
+8 4
+7 2
+2 1
+1 2
-1 1
+1 86
+3 2

fn=(438)
2255 16
+20 4
+11 4
+1 10
fi=(125)
536 6
fe=(123)
2302 8
+66 2
+1 6
+1 2
+9 13
+6 6
+3 6
2705 4
+1 2
+5 4
+3 4
+2 4
+1 2
-1 2
+2 6
+1 2
+1 2
+2 2
-3 4
+1 2
+8 18
2449 18
+11 2
+8 6
+2 10
cfi=(131)
cfn=(440)
calls=2 46 
* 110
* 2
+1 2
+3 8
+3 4
+1 4
+46 13
+2 1
+6 2
-6 1
+6 4
+1 5
-8 2
2661 1
-1 1
+1 3
+1 1
+11 2
2535 4
+40 3
+22 1
+1 1
-1 1
+1 5
+2 2
+1 2
cfi=(131)
cfn=(440)
calls=1 46 
* 27
+12 2
+8 2
+1 9

fn=(540)
2741 15
+11 9
+2 3
+1 6
-4 3
+8 9
+2 9
+7 9
cfi=(131)
cfn=(440)
calls=3 46 
* 81
* 3
+1 12
+36 18
-24 9
cfi=(131)
cfn=(440)
calls=3 46 
* 147
+2 6
+1 6
+2 6
cfi=(131)
cfn=(440)
calls=3 46 
* 81
+2 3
+2 6
+4 6
+4 6
-1 3
+1 6
+2 6

fl=(97)
fn=(290)
29 1
fi=(98) /build/glibc-ZN95T4/glibc-2.31/wcsmbs/../sysdeps/x86_64/multiarch/ifunc-memcmp.h
+3 1
+1 3
-1 2
+2 3
+1 2
fe=(97)
-6 1

fl=(105)
fn=(330)
42 1
+1 1
+1 1
+2 1
+1 1
+3 1
+1 1
+1 1
+2 1
+1 1
+1 1
+1 1
+1 1
+1 1
+2 1
+1 1
+12 1
+1 1
216 1
+1 1
+1 1
+1 1
+1 1
+2 1
+1 1
+1 1
+1 1
+1 1

fl=(69)
fn=(230)
30 1
fi=(170)
+2 3
-2 6
fe=(69)

fl=(89)
fn=(274)
29 2
fi=(167)
+3 6
-2 10
fe=(89)
-1 2

fl=(126)
fn=(408)
126 7
+2 1
-2 4
+5 1
-5 1
+5 2
cob=(1)
cfi=(2)
cfn=(52)
calls=1 801 
* 3
+2 2
cob=(2)
cfi=(18)
cfn=(410)
calls=1 0 
* 870
+2 2
30 4
+4 2
+5 1
+6 1
-7 1
+2 2
+2 1
-2 1
+2 2
+3 2
+4 5
-5 4
+5 4043
+2 1010
+1 2020
-1 1
+1 2
+2 2757
+10 9296
+1 14950
+5 7065
-10 7065
+1 14130
+2 7034
+37 2
+1 1
+1 3
+3 2
+36 2
cob=(1)
cfi=(2)
cfn=(54)
calls=1 807 
* 3
+3 9
-79 2007
+52 1
+21 1
-21 2

fl=(107)
fn=(334)
83 1
+1 4
+1 3
+1 3
+2 1

fl=(111)
fn=(348)
137 11
+4 1
-4 3
+4 3
+96 2
+1 3
cfi=(112)
cfn=(350)
calls=1 69 
* 68
+22 4
+3 2
+1 5
cob=(5)
cfi=(110)
cfn=(356)
calls=1 0 
* 53
+4 4
+15 2
+12 2
cfi=(114) /build/glibc-ZN95T4/glibc-2.31/setjmp/../sysdeps/x86_64/bsd-_setjmp.S
cfn=(368) _setjmp
calls=1 28 
* 34
* 1
+1 2
+5 2
+1 2
+3 2
+3 6
cob=(5)
cfi=(110)
cfn=(374)
calls=1 0 
* 14223203437
+34 2
cfi=(158)
cfn=(634)
calls=1 138 
* 1383

fl=(84)
fn=(264)
31 2
fi=(85) /build/glibc-ZN95T4/glibc-2.31/wcsmbs/../sysdeps/x86_64/multiarch/ifunc-wmemset.h
+1 4
-2 2
+2 6
-2 4
+5 2
-1 2
+1 2
-1 6
fe=(84)
-3 4

fl=(114)
fn=(368)
28 1
+2 1
+2 1
cfi=(115)
cfn=(370)
calls=1 -2 
* 31

fl=(93)
fn=(282)
29 1
fi=(170)
+3 3
-2 5
fe=(93)
-1 1

fl=(68)
fn=(228)
31 2
fi=(170)
+1 6
-2 10
fe=(68)
+1 2

fl=(137) /build/glibc-ZN95T4/glibc-2.31/io/../sysdeps/unix/sysv/linux/open64.c
fn=(460) open
37 2
+3 1
-3 8
+3 6
+8 10
+2 7

fl=(134)
fn=(446)
563 10
+1 1
cfn=(448) _IO_old_init
calls=1 -33 
* 23
+1 1
+1 2
+2 1
+4 1
+7 1
+2 1
-9 5
+15 1
+1 6

fn=(476)
299 85
+1 51
+5 85
+3 34
+2 34
+6 34
+7 17
fi=(143)
941 51
+2 34
+1 34
fe=(134)
323 17
+1 17
-1 17
+1 34
-1 17
cfn=(478) _IO_default_uflow
calls=17 +38 
* 2402
-2 51
-21 34

fn=(554) _IO_flush_all_lockp
686 3140472
+5 1046824
+1 1570236
fi=(136) /build/glibc-ZN95T4/glibc-2.31/libio/../sysdeps/unix/sysv/linux/x86/lowlevellock.h
47 523412
fe=(134)
692 523412
+3 261706
-8 261706
+5 523412
+3 523412
fi=(143)
941 785118
fe=(134)
699 523412
+10 2093648
+1 13608660
+1 1046820
-16 3140460
+16 4
-16 12
+2 1046824
+1 2093648
+1 9421380
fi=(136)
47 2093640
fe=(134)
699 3140460
+2 7851180
+14 2093648
+1 785118
+4 3140472
-29 1046824

fn=(688)
863 2
+3 1
-3 9
+3 1
cfn=(554)
calls=1 686 
* 130
-80 1
+80 1
-80 2
+1 6
fi=(136)
47 2
fe=(134)
787 2
+3 1
-3 2
+3 2
fi=(143)
941 2
fe=(134)
807 1
fi=(143)
941 1
fe=(134)
807 2
+31 4
-48 12
+9 12
+2 9
+6 18
fi=(136)
47 4
fe=(134)
807 4
+8 10
+9 2
fi=(143)
943 4
+1 4
fe=(134)
824 8
cfi=(135)
cfn=(694) _IO_file_setbuf@@GLIBC_2.2.5
calls=2 382 
* 168
+2 6
+4 10
+1 22
+11 8
+1 2
+35 12
-92 4
+33 2
-2 2
+3 2
-3 2
+2 6
-12 10

fn=(490)
329 12
+1 4
-1 4
+1 4
+5 2
-3 2
+3 8
-3 4
+2 2
+4 8

fn=(482) _IO_doallocbuf
343 2
+1 4
-1 6
+3 8
+1 2
fi=(143)
941 6
+2 4
+1 4
fe=(134)
347 4
cfi=(141)
cfn=(484)
calls=2 78 
* 427
* 4
+3 8

fn=(696) _IO_default_setbuf
452 4
fi=(143)
941 2
fe=(134)
452 4
fi=(143)
941 2
fe=(134)
452 2
fi=(143)
941 2
fe=(134)
452 8
+1 2
fi=(143)
943 4
+1 4
fe=(134)
453 4
cfi=(135)
cfn=(698) _IO_file_sync@@GLIBC_2.2.5
calls=2 793 
* 36
* 4
+2 4
+7 2
-7 4
+11 2
+1 2
-1 6
+2 12
-11 2
+1 4
-1 2
330 8
+2 4
+5 2
-5 2
+5 2
-5 2
+5 2

fn=(448)
531 1
+3 1
-2 1
+1 1
-1 1
+2 2
+16 1
-11 1
+5 1
+6 1
+5 1
-16 6
+16 2
+1 2
+2 1

fn=(590) __overflow
199 6
+2 6
+2 2
fi=(143)
941 6
+2 4
+1 4
fe=(134)
203 2
+1 4
-1 2
cfi=(135)
cfn=(584) _IO_file_overflow@@GLIBC_2.2.5
calls=2 732 
* 298

fn=(494) _IO_switch_to_get_mode
164 85
+1 51
+3 51
+4 34
+1 34
+7 17
-4 17
+4 17
-2 34
+3 17
+1 68

fn=(552)
725 261705
+2 523410
cfn=(554)
calls=261705 -41 
* 62285790

fn=(588) _IO_default_xsputn
371 2
+3 4
-3 14
fi=(143)
941 2
fe=(134)
371 2
fi=(143)
941 2
fe=(134)
371 2
fi=(143)
941 2
fe=(134)
371 4
+28 52
fi=(143)
943 32
+1 32
fe=(134)
399 64
cfi=(135)
cfn=(584)
calls=16 732 
* 544
* 32
+2 16
-22 88
+25 2
-11 2
+11 14

fn=(452) _IO_link_in
87 16
+1 6
+4 1
-2 3
+2 5
+1 6
fi=(136)
-46 2
fe=(134)
+46 2
+2 1
-1 1
-1 2
+2 7
fi=(136)
-48 1
fe=(134)
+48 2
fi=(136)
-48 1
fe=(134)
+48 2
+2 1
-2 2
+3 1
-1 1
+3 14
+1 1
+1 8
+1 2
+3 16

fn=(478)
361 34
fi=(143)
941 34
fe=(134)
361 17
fi=(143)
941 17
fe=(134)
361 34
+1 17
fi=(143)
943 34
+1 34
fe=(134)
362 34
cfi=(135)
cfn=(480) _IO_file_underflow@@GLIBC_2.2.5
calls=17 462 
* 1981
+1 34
+2 64
+1 68

fl=(95)
fn=(286)
31 1
fi=(169)
+5 3
-2 1
+2 1
-2 2
fe=(95)
-3 1

fl=(73)
fn=(240)
54 1
-13 3
-2 1
+2 1
-2 2
+15 1

fl=(78)
fn=(250)
31 2
fi=(167)
+1 6
-2 10
fe=(78)
+1 2

fl=(81)
fn=(256)
29 1
fi=(169)
+7 3
-2 1
+2 1
-2 2
fe=(81)
-5 1

fl=(121)
fn=(610)
44 675
+1 675
+2 675
+1 675
+1 675
+2 675
+1 675
+1 675
+21 675
+1 675
+1 675
+1 675
+1 675
+1 675
+1 675
+2 675
+1 675
+1 675
+2 675
+1 675
+2 675
+7 675
+1 675

fn=(392)
44 2
+1 2
+2 2
+1 2
+1 2
+2 2
+1 2
+1 2
+4 1
+1 1
+1 1
+1 1
+1 1
+1 1
+1 1
+11 1
+1 1
+1 1
+1 1
+1 1
+1 1
+1 1
+2 1
+1 1
+1 1
+2 1
+1 1
+4 1
+1 1
+1 1
+1 1
+2 1
+1 1
+87 1
+4 1
+1 1
+1 1
+1 1
+2 1
+1 1

fl=(104)
fn=(326)
30 1
+1 2
-1 4
+1 3
+2 3
cob=(2)
cfi=(18)
cfn=(328)
calls=1 -33 
* 30
+4 5
+1 3
+2 4

fl=(61)
fn=(214)
29 2
fi=(62)
+16 6
-1 4
+5 4
-1 4
+12 4
+2 10
fe=(61)

fl=(64)
fn=(220)
31 1
fi=(168)
+1 4
fe=(64)
-1 1

fl=(145)
fn=(502)
40 5449
+3 5449
+1 5449
+2 5449
+2 5449
+9 5449
+3 5449
+1 5449
+1 5449
+3 2763
+1 2763
+1 2763
+3 2763
+2 24
+1 24
+6 12
+1 12
+1 12
+4 12
+2 12
+1 12
+2 12
+4 2686
+1 2686
+1 2686
+1 2686
+2 2686
+1 2686
+1 2686
+1 1755
+3 1755
+1 1755
+2 1755
+1 1755
+1 1755
+1 1755
+8 931
+1 931
+3 931
+1 931
+3 931
+3 931
+1 931
+6 911
+1 911
+1 911
+1 911
+2 22
+1 22
+1 22
+1 22
+55 32
+1 32
+2 16
+1 16
+1 16
+1 16
+26 16
+1 16
+1 16
+1 16
+2 16
+14 2755
+2 2755
+1 2755
+1 2755
+1 2755
+1 2755
+37 12
+2 12
+1 12
+5 905
+1 905
+1 905
+1 905
+4 22
+1 22
+1 22
+1 22
+1 22

fl=(88)
fn=(272)
49 1
-9 3
-2 1
+2 1
-2 2
+11 1

fl=(151)
fn=(578)
33 7
+2 1
cob=(2)
cfi=(18)
cfn=(386)
calls=1 -35 
* 18
+1 1
-1 1
+1 11
fi=(136)
+11 2
fe=(151)
-11 3
+3 1
-3 1
+3 3
+1 1
fi=(143)
941 3
+2 2
+1 2
fe=(151)
40 3
cfi=(135)
cfn=(582)
calls=1 1198 
* 914
* 2
+1 4
+1 4
fi=(143)
884 2
+1 10
fe=(151)
46 7
-5 2
cfi=(134)
cfn=(590)
calls=1 199 
* 167
* 2

fl=(139)
fn=(470)
32 5438
+5 10876
-5 38066
+7 16314
+8 92446
+4 5438
+1 5438
+1 10876
-1 5438
+1 21752
-2 5438
+2 5438
cfi=(140)
cfn=(472)
calls=5438 -20 
* 576740
+3 5438
+1 5438
-1 10876
+7 2
fi=(143)
884 2
+1 54380
fe=(139)
66 38066
-10 10874
+4 5437
+1 5437
-1 5437
+3 10874
fi=(143)
884 16311
fe=(139)

fl=(79)
fn=(252)
29 1
fi=(166)
+1 5
fe=(79)
-1 1

fl=(119)
fn=(384)
34 8
+5 8
+3 3
+49 9
-56 1
cob=(2)
cfi=(18)
cfn=(386)
calls=1 -35 
* 22
+38 1
-6 1
-32 1
+37 1
+3 254
+9 126

fl=(159)
fn=(638)
145 4
+1 4
+18 4

fl=(116)
fn=(372)
28 3
+2 2
-1 1
+5 3

fl=(67)
fn=(226)
31 1
fi=(167)
+1 3
-2 5
fe=(67)
+1 1

fl=(120)
fn=(388)
42 5889
+13 5889
+1 5889
+1 5889
+3 5889
+1 5889
+1 5889
+3 5832
+1 5832
+1 5832
+8 5832
+4 31
+1 31
+1 31
+9 31
+4 57
+1 57
+1 57
+1 57
+2 57
+1 57
+1 57
+1 57
+6 57
+1 57
+1 57
+4 57
+1 57
+26 31
+1 31
+1 31
+1 31
335 5832
+1 5832
+1 5832
+4 5832
+1 5832

fl=(142) /build/glibc-ZN95T4/glibc-2.31/io/../sysdeps/unix/sysv/linux/wordsize-64/fxstat.c
fn=(488) _fxstat
33 8
+1 4
+1 8
+4 2

fl=(96)
fn=(288)
33 1
fi=(169)
+3 3
-2 1
+2 1
-2 2
fe=(96)
-1 1

fl=(162)
fn=(656)
79 6
+1 6
fi=(163) /build/glibc-ZN95T4/glibc-2.31/nptl/../sysdeps/unix/sysv/linux/x86/lowlevellock.h
-33 4
fe=(162)
+35 2
-14 4
+38 8
+1 4

fl=(75)
fn=(244)
29 1
fi=(76) /build/glibc-ZN95T4/glibc-2.31/string/../sysdeps/x86_64/multiarch/ifunc-memset.h
+13 5
+4 2
-1 2
+12 4
+2 5
fe=(75)

fl=(135)
fn=(486)
1147 4
+1 6
cfi=(142)
cfn=(488)
calls=2 33 
* 22

fn=(450)
107 1
+5 1
-5 2
+4 1
+3 1
cfi=(134)
cfn=(452)
calls=1 -27 
* 85
+1 1
+1 2

fn=(480)
462 17
+4 51
-4 136
+7 34
+6 51
+3 34
+12 32
fi=(143)
885 85
fe=(135)
506 34
cfi=(134)
cfn=(494)
calls=17 164 
* 425
+11 17
-5 34
fi=(143)
943 17
fe=(135)
512 17
fi=(143)
943 17
fe=(135)
512 51
fi=(143)
944 34
fe=(135)
517 68
cfn=(496) _IO_file_read
calls=17 1131 
* 238
+2 34
+16 16
-9 16
+9 32
+2 32
+1 128
-6 2
-10 4
+11 1
-11 2
+16 8
-57 3
+5 2
cfi=(134)
cfn=(482)
calls=1 343 
* 305
* 1
+4 3

fn=(458) _IO_file_open
183 2
+3 1
-3 7
+2 2
+4 1
cfi=(137)
cfn=(460)
calls=1 37 
* 34
* 1
+1 2
+3 2
+3 1
-4 1
+1 4
+3 2
+10 2
cfi=(134)
cfn=(452)
calls=1 87 
* 19
+1 1
+1 4

fn=(586) _IO_do_write@@GLIBC_2.2.5
424 4
+2 12
+1 1
-3 48
+10 6
+7 12
fi=(143)
944 6
fe=(135)
449 12
cfn=(594) _IO_file_write@@GLIBC_2.2.5
calls=3 1174 
* 138
* 3
+1 15
+2 3
+4 3
-4 9
+1 6
+3 6
-2 3
-28 12
+1 24
+28 6

fn=(698)
793 10
+5 8
+2 2
+1 4
+11 4
+4 8

fn=(584)
732 100
+1 80
+7 117
+35 38
+3 36
+3 54
+1 54
+1 72
+4 18
+1 72
-45 2
+12 2
+9 4
+5 2
+2 1
-2 1
+2 1
-2 2
+2 1
+1 1
-3 4
+3 4
+1 1
+2 2
+13 2
-12 2
+1 2
+11 4
-12 2
cfn=(586)
calls=2 424 
* 113
+9 4
-1 2
+1 2
-1 2
cfn=(586)
calls=2 424 
* 216
* 4
-39 2
cfi=(134)
cfn=(482)
calls=1 343 
* 174
+1 6

fn=(582)
1198 4504
+7 1126
-7 4504
+6 4896
+7 2644
+17 3
+6 659
+2 659
+2 1977
-2 659
cob=(2)
cfi=(18)
cfn=(616)
calls=659 0 
* 12956
+1 659
+1 659
-2 659
+4 2636
+28 10134
-55 660
+4 660
-4 660
+1 1320
+18 5
+12 1
fi=(143)
941 3
+2 2
+1 2
fe=(135)
1232 1
+12 1
fi=(143)
941 3
+2 2
+1 2
fe=(135)
1244 6
cfn=(584)
calls=2 732 
* 364
* 4
+6 4
+1 14
+2 4
+11 6
+1 8
cfi=(134)
cfn=(588)
calls=2 371 
* 912
* 6
-46 5115
-2 6046

fn=(456)
214 11
+9 2
+2 6
357 12
248 6
+33 4
cfn=(458)
calls=1 -98 
* 86
* 1
+3 2
+3 3
cfi=(138)
cfn=(462)
calls=1 77 
* 58
* 1
+1 2
-40 2
-19 1
-1 1
-13 2

fn=(694)
382 6
+1 2
cfi=(134)
cfn=(696)
calls=2 +69 
* 140
* 4
+5 2
+2 4
-2 6
+3 4

fn=(496)
1131 17
+1 17
+2 17
-1 17
+1 34
cfi=(144)
cfn=(498)
calls=17 25 
* 136

fn=(594)
1174 21
+2 18
+5 3
cfi=(152)
cfn=(596)
calls=3 25 
* 27
+1 6
+5 3
+1 3
-12 6
+2 3
+2 6
+1 6
+10 9
+3 27

fl=(83)
fn=(262)
49 1
-9 3
-2 1
+2 1
-2 2
+11 1

fl=(146)
fn=(506)
225 5472
+1 5472
+6 5472
+1 5472
+1 51
+1 51
+3 33
+1 33
+1 33
+1 33
+2 33
+1 33
+3 5
+1 5
+1 5
+1 5
+2 3
+1 3
+1 3
+5 3
+2 5
+1 69677
+2 5
+13 5421
+1 5421
+2 5193
+1 5193
+1 19
+1 19
+1 8
+1 8
+1 3
+1 3
+1 3
+2 3
+14 228
+1 228
+1 228
+1 228
+1 228
+4 5174
+1 5174
+1 5174
+1 5174
+1 5174
+3 11
+1 11
+1 11
+1 11
+1 11
+3 5
+1 5
+1 5
+1 5
+1 5
+4 18
+1 18
+5 13
+1 13
+1 4
+1 4
+2 2
+1 2
+1 2
+1 2
+1 2
+1 2
+1 2
+1 2
+1 2
+1 2
+1 2
+1 2
+1 2
+1 2
+1 2
+1 2
+1 2
+1 2
+3 2
+1 2
+1 2
+1 2
+1 2
+1 2
+1 2
+1 2
+1 2
+1 2
+3 9
+1 9
+2 1
+3 1
+1 1
+1 1
+1 1
+1 1
+2 1
+1 1
+3 1
+1 1
+2 1
+2 1
+2 1
+2 1
+3 1
+1 1
+4 7
+1 7
+1 7
+1 7
+1 7
+1 7
+1 7
+1 7
+1 7
+1 7
+1 7
+1 7
+1 7
+2 1
+1 1
+1 1
+1 1
+2 1
+1 1
+1 1
+5 8
+1 8
+1 8
+1 8
+1 8
+2 8
+3 8
+1 8
+1 8
+1 8
+2 8
+2 8
+2 8
+3 8
+1 8
+4 52
+1 52
+1 52
+1 52
+1 52
+1 52
+1 52
+1 52
+1 52
+1 52
+1 52
+1 52
+1 52
+2 8
+1 8
+1 8
+1 8
+2 8
+1 8
+1 8

fn=(618)
212 659
+1 659
+1 659
+1 659
+17 659
+1 659
+44 659
+1 659
+2 659
+1 659
+1 659
+1 659
+1 435
+1 435
+1 435
+1 435
+1 435
+2 435
+29 224
+1 224
+1 224
+1 224
+1 224

fl=(157)
fn=(622)
25 7
+2 12
fi=(136)
+20 2
fe=(157)
-20 4
+1 6
cfi=(134)
cfn=(590)
calls=1 199 
* 167
* 1
fi=(143)
884 2
+1 10
fe=(157)
31 7

totals: 14223349463
